2024-03-20 11:03:06.749 [restartedMain] INFO  com.project.lvshi.LvshiApplication - Starting LvshiApplication using Java 1.8.0_201 on LAPTOP-LDHLJA8N with PID 5584 (D:\bishe\server\lvshi\target\classes started by AA in D:\bishe\server\lvshi)
2024-03-20 11:03:06.768 [restartedMain] INFO  com.project.lvshi.LvshiApplication - The following profiles are active: dev
2024-03-20 11:03:06.826 [restartedMain] INFO  o.s.b.d.env.DevToolsPropertyDefaultsPostProcessor - Devtools property defaults active! Set 'spring.devtools.add-properties' to 'false' to disable
2024-03-20 11:03:06.826 [restartedMain] INFO  o.s.b.d.env.DevToolsPropertyDefaultsPostProcessor - For additional web related logging consider setting the 'logging.level.web' property to 'DEBUG'
2024-03-20 11:03:07.391 [restartedMain] INFO  o.s.d.r.config.RepositoryConfigurationDelegate - Multiple Spring Data modules found, entering strict repository configuration mode!
2024-03-20 11:03:07.392 [restartedMain] INFO  o.s.d.r.config.RepositoryConfigurationDelegate - Bootstrapping Spring Data Redis repositories in DEFAULT mode.
2024-03-20 11:03:07.417 [restartedMain] INFO  o.s.d.r.config.RepositoryConfigurationDelegate - Finished Spring Data repository scanning in 14 ms. Found 0 Redis repository interfaces.
2024-03-20 11:03:07.883 [restartedMain] INFO  o.s.boot.web.embedded.tomcat.TomcatWebServer - Tomcat initialized with port(s): 8080 (http)
2024-03-20 11:03:07.890 [restartedMain] INFO  org.apache.coyote.http11.Http11NioProtocol - Initializing ProtocolHandler ["http-nio-8080"]
2024-03-20 11:03:07.890 [restartedMain] INFO  org.apache.catalina.core.StandardService - Starting service [Tomcat]
2024-03-20 11:03:07.891 [restartedMain] INFO  org.apache.catalina.core.StandardEngine - Starting Servlet engine: [Apache Tomcat/9.0.41]
2024-03-20 11:03:07.892 [restartedMain] INFO  org.apache.catalina.core.AprLifecycleListener - Loaded Apache Tomcat Native library [1.2.26] using APR version [1.7.0].
2024-03-20 11:03:07.893 [restartedMain] INFO  org.apache.catalina.core.AprLifecycleListener - APR capabilities: IPv6 [true], sendfile [true], accept filters [false], random [true].
2024-03-20 11:03:07.893 [restartedMain] INFO  org.apache.catalina.core.AprLifecycleListener - APR/OpenSSL configuration: useAprConnector [false], useOpenSSL [true]
2024-03-20 11:03:07.895 [restartedMain] INFO  org.apache.catalina.core.AprLifecycleListener - OpenSSL successfully initialized [OpenSSL 1.1.1i  8 Dec 2020]
2024-03-20 11:03:07.950 [restartedMain] INFO  o.a.c.core.ContainerBase.[Tomcat].[localhost].[/] - Initializing Spring embedded WebApplicationContext
2024-03-20 11:03:07.951 [restartedMain] INFO  o.s.b.w.s.c.ServletWebServerApplicationContext - Root WebApplicationContext: initialization completed in 1123 ms
2024-03-20 11:03:08.267 [restartedMain] INFO  c.a.d.s.b.a.DruidDataSourceAutoConfigure - Init DruidDataSource
2024-03-20 11:03:08.577 [restartedMain] INFO  com.alibaba.druid.pool.DruidDataSource - {dataSource-1} inited
2024-03-20 11:03:09.598 [restartedMain] INFO  o.s.scheduling.concurrent.ThreadPoolTaskExecutor - Initializing ExecutorService 'applicationTaskExecutor'
2024-03-20 11:03:09.832 [restartedMain] INFO  o.s.b.d.autoconfigure.OptionalLiveReloadServer - LiveReload server is running on port 35729
2024-03-20 11:03:09.865 [restartedMain] INFO  org.apache.coyote.http11.Http11NioProtocol - Starting ProtocolHandler ["http-nio-8080"]
2024-03-20 11:03:09.887 [restartedMain] INFO  o.s.boot.web.embedded.tomcat.TomcatWebServer - Tomcat started on port(s): 8080 (http) with context path ''
2024-03-20 11:03:09.897 [restartedMain] INFO  com.project.lvshi.LvshiApplication - Started LvshiApplication in 3.642 seconds (JVM running for 4.536)
2024-03-20 11:20:42.562 [http-nio-8080-exec-4] INFO  o.a.c.core.ContainerBase.[Tomcat].[localhost].[/] - Initializing Spring DispatcherServlet 'dispatcherServlet'
2024-03-20 11:20:42.563 [http-nio-8080-exec-4] INFO  org.springframework.web.servlet.DispatcherServlet - Initializing Servlet 'dispatcherServlet'
2024-03-20 11:20:42.564 [http-nio-8080-exec-4] INFO  org.springframework.web.servlet.DispatcherServlet - Completed initialization in 1 ms
2024-03-20 11:27:21.777 [http-nio-8080-exec-7] INFO  com.project.lvshi.handle.MyMetaObjectHandler - 公共字段自动填充[insert]...
2024-03-20 11:27:21.793 [http-nio-8080-exec-7] INFO  com.project.lvshi.handle.MyMetaObjectHandler - 公共字段自动填充[insert]...
2024-03-20 11:42:08.759 [http-nio-8080-exec-30] INFO  com.project.lvshi.handle.MyMetaObjectHandler - 公共字段自动填充[insert]...
2024-03-20 11:42:08.762 [http-nio-8080-exec-30] INFO  com.project.lvshi.handle.MyMetaObjectHandler - 公共字段自动填充[insert]...
2024-03-20 11:43:45.327 [SpringContextShutdownHook] INFO  o.s.scheduling.concurrent.ThreadPoolTaskExecutor - Shutting down ExecutorService 'applicationTaskExecutor'
2024-03-20 11:43:45.329 [SpringContextShutdownHook] INFO  com.alibaba.druid.pool.DruidDataSource - {dataSource-1} closing ...
2024-03-20 11:43:45.332 [SpringContextShutdownHook] INFO  com.alibaba.druid.pool.DruidDataSource - {dataSource-1} closed
