2024-02-29 08:37:50.272 [restartedMain] INFO  com.project.lvshi.LvshiApplication - Starting LvshiApplication using Java 1.8.0_201 on LAPTOP-LDHLJA8N with PID 16512 (D:\bishe\server\lvshi\target\classes started by AA in D:\bishe\server\lvshi)
2024-02-29 08:37:50.279 [restartedMain] INFO  com.project.lvshi.LvshiApplication - The following profiles are active: dev
2024-02-29 08:37:50.385 [restartedMain] INFO  o.s.b.d.env.DevToolsPropertyDefaultsPostProcessor - Devtools property defaults active! Set 'spring.devtools.add-properties' to 'false' to disable
2024-02-29 08:37:50.386 [restartedMain] INFO  o.s.b.d.env.DevToolsPropertyDefaultsPostProcessor - For additional web related logging consider setting the 'logging.level.web' property to 'DEBUG'
2024-02-29 08:37:51.457 [restartedMain] INFO  o.s.d.r.config.RepositoryConfigurationDelegate - Multiple Spring Data modules found, entering strict repository configuration mode!
2024-02-29 08:37:51.459 [restartedMain] INFO  o.s.d.r.config.RepositoryConfigurationDelegate - Bootstrapping Spring Data Redis repositories in DEFAULT mode.
2024-02-29 08:37:51.498 [restartedMain] INFO  o.s.d.r.config.RepositoryConfigurationDelegate - Finished Spring Data repository scanning in 14 ms. Found 0 Redis repository interfaces.
2024-02-29 08:37:52.243 [restartedMain] INFO  o.s.boot.web.embedded.tomcat.TomcatWebServer - Tomcat initialized with port(s): 8080 (http)
2024-02-29 08:37:52.258 [restartedMain] INFO  org.apache.coyote.http11.Http11NioProtocol - Initializing ProtocolHandler ["http-nio-8080"]
2024-02-29 08:37:52.259 [restartedMain] INFO  org.apache.catalina.core.StandardService - Starting service [Tomcat]
2024-02-29 08:37:52.260 [restartedMain] INFO  org.apache.catalina.core.StandardEngine - Starting Servlet engine: [Apache Tomcat/9.0.41]
2024-02-29 08:37:52.265 [restartedMain] INFO  org.apache.catalina.core.AprLifecycleListener - Loaded Apache Tomcat Native library [1.2.26] using APR version [1.7.0].
2024-02-29 08:37:52.266 [restartedMain] INFO  org.apache.catalina.core.AprLifecycleListener - APR capabilities: IPv6 [true], sendfile [true], accept filters [false], random [true].
2024-02-29 08:37:52.266 [restartedMain] INFO  org.apache.catalina.core.AprLifecycleListener - APR/OpenSSL configuration: useAprConnector [false], useOpenSSL [true]
2024-02-29 08:37:52.269 [restartedMain] INFO  org.apache.catalina.core.AprLifecycleListener - OpenSSL successfully initialized [OpenSSL 1.1.1i  8 Dec 2020]
2024-02-29 08:37:52.358 [restartedMain] INFO  o.a.c.core.ContainerBase.[Tomcat].[localhost].[/] - Initializing Spring embedded WebApplicationContext
2024-02-29 08:37:52.359 [restartedMain] INFO  o.s.b.w.s.c.ServletWebServerApplicationContext - Root WebApplicationContext: initialization completed in 1971 ms
2024-02-29 08:37:52.882 [restartedMain] INFO  c.a.d.s.b.a.DruidDataSourceAutoConfigure - Init DruidDataSource
2024-02-29 08:37:53.375 [restartedMain] INFO  com.alibaba.druid.pool.DruidDataSource - {dataSource-1} inited
2024-02-29 08:37:54.573 [restartedMain] INFO  o.s.scheduling.concurrent.ThreadPoolTaskExecutor - Initializing ExecutorService 'applicationTaskExecutor'
2024-02-29 08:37:54.892 [restartedMain] INFO  org.apache.coyote.http11.Http11NioProtocol - Starting ProtocolHandler ["http-nio-8080"]
2024-02-29 08:37:54.915 [restartedMain] INFO  o.s.boot.web.embedded.tomcat.TomcatWebServer - Tomcat started on port(s): 8080 (http) with context path ''
2024-02-29 08:37:54.928 [restartedMain] INFO  com.project.lvshi.LvshiApplication - Started LvshiApplication in 5.505 seconds (JVM running for 6.381)
2024-02-29 08:40:10.645 [http-nio-8080-exec-3] INFO  o.a.c.core.ContainerBase.[Tomcat].[localhost].[/] - Initializing Spring DispatcherServlet 'dispatcherServlet'
2024-02-29 08:40:10.646 [http-nio-8080-exec-3] INFO  org.springframework.web.servlet.DispatcherServlet - Initializing Servlet 'dispatcherServlet'
2024-02-29 08:40:10.647 [http-nio-8080-exec-3] INFO  org.springframework.web.servlet.DispatcherServlet - Completed initialization in 1 ms
2024-02-29 09:09:52.722 [SpringContextShutdownHook] INFO  o.s.scheduling.concurrent.ThreadPoolTaskExecutor - Shutting down ExecutorService 'applicationTaskExecutor'
2024-02-29 09:09:52.724 [SpringContextShutdownHook] INFO  com.alibaba.druid.pool.DruidDataSource - {dataSource-1} closing ...
2024-02-29 09:09:52.726 [SpringContextShutdownHook] INFO  com.alibaba.druid.pool.DruidDataSource - {dataSource-1} closed
2024-02-29 09:10:01.562 [restartedMain] INFO  com.project.lvshi.LvshiApplication - Starting LvshiApplication using Java 1.8.0_201 on LAPTOP-LDHLJA8N with PID 15832 (D:\bishe\server\lvshi\target\classes started by AA in D:\bishe\server\lvshi)
2024-02-29 09:10:01.565 [restartedMain] INFO  com.project.lvshi.LvshiApplication - The following profiles are active: dev
2024-02-29 09:10:01.634 [restartedMain] INFO  o.s.b.d.env.DevToolsPropertyDefaultsPostProcessor - Devtools property defaults active! Set 'spring.devtools.add-properties' to 'false' to disable
2024-02-29 09:10:01.664 [restartedMain] INFO  o.s.b.d.env.DevToolsPropertyDefaultsPostProcessor - For additional web related logging consider setting the 'logging.level.web' property to 'DEBUG'
2024-02-29 09:10:02.624 [restartedMain] INFO  o.s.d.r.config.RepositoryConfigurationDelegate - Multiple Spring Data modules found, entering strict repository configuration mode!
2024-02-29 09:10:02.626 [restartedMain] INFO  o.s.d.r.config.RepositoryConfigurationDelegate - Bootstrapping Spring Data Redis repositories in DEFAULT mode.
2024-02-29 09:10:02.651 [restartedMain] INFO  o.s.d.r.config.RepositoryConfigurationDelegate - Finished Spring Data repository scanning in 13 ms. Found 0 Redis repository interfaces.
2024-02-29 09:10:03.222 [restartedMain] INFO  o.s.boot.web.embedded.tomcat.TomcatWebServer - Tomcat initialized with port(s): 8080 (http)
2024-02-29 09:10:03.231 [restartedMain] INFO  org.apache.coyote.http11.Http11NioProtocol - Initializing ProtocolHandler ["http-nio-8080"]
2024-02-29 09:10:03.232 [restartedMain] INFO  org.apache.catalina.core.StandardService - Starting service [Tomcat]
2024-02-29 09:10:03.232 [restartedMain] INFO  org.apache.catalina.core.StandardEngine - Starting Servlet engine: [Apache Tomcat/9.0.41]
2024-02-29 09:10:03.235 [restartedMain] INFO  org.apache.catalina.core.AprLifecycleListener - Loaded Apache Tomcat Native library [1.2.26] using APR version [1.7.0].
2024-02-29 09:10:03.235 [restartedMain] INFO  org.apache.catalina.core.AprLifecycleListener - APR capabilities: IPv6 [true], sendfile [true], accept filters [false], random [true].
2024-02-29 09:10:03.235 [restartedMain] INFO  org.apache.catalina.core.AprLifecycleListener - APR/OpenSSL configuration: useAprConnector [false], useOpenSSL [true]
2024-02-29 09:10:03.238 [restartedMain] INFO  org.apache.catalina.core.AprLifecycleListener - OpenSSL successfully initialized [OpenSSL 1.1.1i  8 Dec 2020]
2024-02-29 09:10:03.300 [restartedMain] INFO  o.a.c.core.ContainerBase.[Tomcat].[localhost].[/] - Initializing Spring embedded WebApplicationContext
2024-02-29 09:10:03.300 [restartedMain] INFO  o.s.b.w.s.c.ServletWebServerApplicationContext - Root WebApplicationContext: initialization completed in 1635 ms
2024-02-29 09:10:03.658 [restartedMain] INFO  c.a.d.s.b.a.DruidDataSourceAutoConfigure - Init DruidDataSource
2024-02-29 09:10:04.003 [restartedMain] INFO  com.alibaba.druid.pool.DruidDataSource - {dataSource-1} inited
2024-02-29 09:10:04.939 [restartedMain] INFO  o.s.scheduling.concurrent.ThreadPoolTaskExecutor - Initializing ExecutorService 'applicationTaskExecutor'
2024-02-29 09:10:05.181 [restartedMain] INFO  org.apache.coyote.http11.Http11NioProtocol - Starting ProtocolHandler ["http-nio-8080"]
2024-02-29 09:10:05.202 [restartedMain] INFO  o.s.boot.web.embedded.tomcat.TomcatWebServer - Tomcat started on port(s): 8080 (http) with context path ''
2024-02-29 09:10:05.211 [restartedMain] INFO  com.project.lvshi.LvshiApplication - Started LvshiApplication in 4.137 seconds (JVM running for 5.129)
2024-02-29 09:10:54.712 [http-nio-8080-exec-1] INFO  o.a.c.core.ContainerBase.[Tomcat].[localhost].[/] - Initializing Spring DispatcherServlet 'dispatcherServlet'
2024-02-29 09:10:54.713 [http-nio-8080-exec-1] INFO  org.springframework.web.servlet.DispatcherServlet - Initializing Servlet 'dispatcherServlet'
2024-02-29 09:10:54.714 [http-nio-8080-exec-1] INFO  org.springframework.web.servlet.DispatcherServlet - Completed initialization in 1 ms
2024-02-29 09:10:55.752 [http-nio-8080-exec-1] INFO  com.project.lvshi.handle.MyMetaObjectHandler - 公共字段自动填充[insert]...
2024-02-29 09:11:01.610 [http-nio-8080-exec-2] INFO  com.project.lvshi.handle.MyMetaObjectHandler - 公共字段自动填充[insert]...
2024-02-29 09:29:06.251 [SpringContextShutdownHook] INFO  o.s.scheduling.concurrent.ThreadPoolTaskExecutor - Shutting down ExecutorService 'applicationTaskExecutor'
2024-02-29 09:29:06.253 [SpringContextShutdownHook] INFO  com.alibaba.druid.pool.DruidDataSource - {dataSource-1} closing ...
2024-02-29 09:29:06.254 [SpringContextShutdownHook] INFO  com.alibaba.druid.pool.DruidDataSource - {dataSource-1} closed
2024-02-29 09:29:16.488 [restartedMain] INFO  com.project.lvshi.LvshiApplication - Starting LvshiApplication using Java 1.8.0_201 on LAPTOP-LDHLJA8N with PID 14096 (D:\bishe\server\lvshi\target\classes started by AA in D:\bishe\server\lvshi)
2024-02-29 09:29:16.491 [restartedMain] INFO  com.project.lvshi.LvshiApplication - The following profiles are active: dev
2024-02-29 09:29:16.559 [restartedMain] INFO  o.s.b.d.env.DevToolsPropertyDefaultsPostProcessor - Devtools property defaults active! Set 'spring.devtools.add-properties' to 'false' to disable
2024-02-29 09:29:16.559 [restartedMain] INFO  o.s.b.d.env.DevToolsPropertyDefaultsPostProcessor - For additional web related logging consider setting the 'logging.level.web' property to 'DEBUG'
2024-02-29 09:29:17.438 [restartedMain] INFO  o.s.d.r.config.RepositoryConfigurationDelegate - Multiple Spring Data modules found, entering strict repository configuration mode!
2024-02-29 09:29:17.440 [restartedMain] INFO  o.s.d.r.config.RepositoryConfigurationDelegate - Bootstrapping Spring Data Redis repositories in DEFAULT mode.
2024-02-29 09:29:17.463 [restartedMain] INFO  o.s.d.r.config.RepositoryConfigurationDelegate - Finished Spring Data repository scanning in 12 ms. Found 0 Redis repository interfaces.
2024-02-29 09:29:17.934 [restartedMain] INFO  o.s.boot.web.embedded.tomcat.TomcatWebServer - Tomcat initialized with port(s): 8080 (http)
2024-02-29 09:29:17.941 [restartedMain] INFO  org.apache.coyote.http11.Http11NioProtocol - Initializing ProtocolHandler ["http-nio-8080"]
2024-02-29 09:29:17.943 [restartedMain] INFO  org.apache.catalina.core.StandardService - Starting service [Tomcat]
2024-02-29 09:29:17.943 [restartedMain] INFO  org.apache.catalina.core.StandardEngine - Starting Servlet engine: [Apache Tomcat/9.0.41]
2024-02-29 09:29:17.945 [restartedMain] INFO  org.apache.catalina.core.AprLifecycleListener - Loaded Apache Tomcat Native library [1.2.26] using APR version [1.7.0].
2024-02-29 09:29:17.946 [restartedMain] INFO  org.apache.catalina.core.AprLifecycleListener - APR capabilities: IPv6 [true], sendfile [true], accept filters [false], random [true].
2024-02-29 09:29:17.946 [restartedMain] INFO  org.apache.catalina.core.AprLifecycleListener - APR/OpenSSL configuration: useAprConnector [false], useOpenSSL [true]
2024-02-29 09:29:17.948 [restartedMain] INFO  org.apache.catalina.core.AprLifecycleListener - OpenSSL successfully initialized [OpenSSL 1.1.1i  8 Dec 2020]
2024-02-29 09:29:18.006 [restartedMain] INFO  o.a.c.core.ContainerBase.[Tomcat].[localhost].[/] - Initializing Spring embedded WebApplicationContext
2024-02-29 09:29:18.006 [restartedMain] INFO  o.s.b.w.s.c.ServletWebServerApplicationContext - Root WebApplicationContext: initialization completed in 1446 ms
2024-02-29 09:29:18.321 [restartedMain] INFO  c.a.d.s.b.a.DruidDataSourceAutoConfigure - Init DruidDataSource
2024-02-29 09:29:18.632 [restartedMain] INFO  com.alibaba.druid.pool.DruidDataSource - {dataSource-1} inited
2024-02-29 09:29:19.550 [restartedMain] INFO  o.s.scheduling.concurrent.ThreadPoolTaskExecutor - Initializing ExecutorService 'applicationTaskExecutor'
2024-02-29 09:29:19.788 [restartedMain] INFO  org.apache.coyote.http11.Http11NioProtocol - Starting ProtocolHandler ["http-nio-8080"]
2024-02-29 09:29:19.809 [restartedMain] INFO  o.s.boot.web.embedded.tomcat.TomcatWebServer - Tomcat started on port(s): 8080 (http) with context path ''
2024-02-29 09:29:19.817 [restartedMain] INFO  com.project.lvshi.LvshiApplication - Started LvshiApplication in 3.952 seconds (JVM running for 4.976)
2024-02-29 09:40:21.309 [SpringContextShutdownHook] INFO  o.s.scheduling.concurrent.ThreadPoolTaskExecutor - Shutting down ExecutorService 'applicationTaskExecutor'
2024-02-29 09:40:21.311 [SpringContextShutdownHook] INFO  com.alibaba.druid.pool.DruidDataSource - {dataSource-1} closing ...
2024-02-29 09:40:21.315 [SpringContextShutdownHook] INFO  com.alibaba.druid.pool.DruidDataSource - {dataSource-1} closed
2024-02-29 09:40:26.777 [restartedMain] INFO  com.project.lvshi.LvshiApplication - Starting LvshiApplication using Java 1.8.0_201 on LAPTOP-LDHLJA8N with PID 9744 (D:\bishe\server\lvshi\target\classes started by AA in D:\bishe\server\lvshi)
2024-02-29 09:40:26.780 [restartedMain] INFO  com.project.lvshi.LvshiApplication - The following profiles are active: dev
2024-02-29 09:40:26.864 [restartedMain] INFO  o.s.b.d.env.DevToolsPropertyDefaultsPostProcessor - Devtools property defaults active! Set 'spring.devtools.add-properties' to 'false' to disable
2024-02-29 09:40:26.864 [restartedMain] INFO  o.s.b.d.env.DevToolsPropertyDefaultsPostProcessor - For additional web related logging consider setting the 'logging.level.web' property to 'DEBUG'
2024-02-29 09:40:27.450 [restartedMain] INFO  o.s.d.r.config.RepositoryConfigurationDelegate - Multiple Spring Data modules found, entering strict repository configuration mode!
2024-02-29 09:40:27.452 [restartedMain] INFO  o.s.d.r.config.RepositoryConfigurationDelegate - Bootstrapping Spring Data Redis repositories in DEFAULT mode.
2024-02-29 09:40:27.475 [restartedMain] INFO  o.s.d.r.config.RepositoryConfigurationDelegate - Finished Spring Data repository scanning in 12 ms. Found 0 Redis repository interfaces.
2024-02-29 09:40:27.961 [restartedMain] INFO  o.s.boot.web.embedded.tomcat.TomcatWebServer - Tomcat initialized with port(s): 8080 (http)
2024-02-29 09:40:27.968 [restartedMain] INFO  org.apache.coyote.http11.Http11NioProtocol - Initializing ProtocolHandler ["http-nio-8080"]
2024-02-29 09:40:27.969 [restartedMain] INFO  org.apache.catalina.core.StandardService - Starting service [Tomcat]
2024-02-29 09:40:27.969 [restartedMain] INFO  org.apache.catalina.core.StandardEngine - Starting Servlet engine: [Apache Tomcat/9.0.41]
2024-02-29 09:40:27.971 [restartedMain] INFO  org.apache.catalina.core.AprLifecycleListener - Loaded Apache Tomcat Native library [1.2.26] using APR version [1.7.0].
2024-02-29 09:40:27.971 [restartedMain] INFO  org.apache.catalina.core.AprLifecycleListener - APR capabilities: IPv6 [true], sendfile [true], accept filters [false], random [true].
2024-02-29 09:40:27.972 [restartedMain] INFO  org.apache.catalina.core.AprLifecycleListener - APR/OpenSSL configuration: useAprConnector [false], useOpenSSL [true]
2024-02-29 09:40:27.974 [restartedMain] INFO  org.apache.catalina.core.AprLifecycleListener - OpenSSL successfully initialized [OpenSSL 1.1.1i  8 Dec 2020]
2024-02-29 09:40:28.030 [restartedMain] INFO  o.a.c.core.ContainerBase.[Tomcat].[localhost].[/] - Initializing Spring embedded WebApplicationContext
2024-02-29 09:40:28.031 [restartedMain] INFO  o.s.b.w.s.c.ServletWebServerApplicationContext - Root WebApplicationContext: initialization completed in 1165 ms
2024-02-29 09:40:28.340 [restartedMain] INFO  c.a.d.s.b.a.DruidDataSourceAutoConfigure - Init DruidDataSource
2024-02-29 09:40:28.644 [restartedMain] INFO  com.alibaba.druid.pool.DruidDataSource - {dataSource-1} inited
2024-02-29 09:40:29.516 [restartedMain] INFO  o.s.scheduling.concurrent.ThreadPoolTaskExecutor - Initializing ExecutorService 'applicationTaskExecutor'
2024-02-29 09:40:29.757 [restartedMain] INFO  org.apache.coyote.http11.Http11NioProtocol - Starting ProtocolHandler ["http-nio-8080"]
2024-02-29 09:40:29.778 [restartedMain] INFO  o.s.boot.web.embedded.tomcat.TomcatWebServer - Tomcat started on port(s): 8080 (http) with context path ''
2024-02-29 09:40:29.786 [restartedMain] INFO  com.project.lvshi.LvshiApplication - Started LvshiApplication in 3.503 seconds (JVM running for 4.282)
2024-02-29 09:42:45.541 [http-nio-8080-exec-1] INFO  o.a.c.core.ContainerBase.[Tomcat].[localhost].[/] - Initializing Spring DispatcherServlet 'dispatcherServlet'
2024-02-29 09:42:45.542 [http-nio-8080-exec-1] INFO  org.springframework.web.servlet.DispatcherServlet - Initializing Servlet 'dispatcherServlet'
2024-02-29 09:42:45.543 [http-nio-8080-exec-1] INFO  org.springframework.web.servlet.DispatcherServlet - Completed initialization in 1 ms
2024-02-29 09:42:46.609 [http-nio-8080-exec-1] INFO  com.project.lvshi.handle.MyMetaObjectHandler - 公共字段自动填充[insert]...
2024-02-29 09:42:46.625 [http-nio-8080-exec-1] INFO  com.project.lvshi.handle.MyMetaObjectHandler - 公共字段自动填充[insert]...
2024-02-29 09:53:35.784 [http-nio-8080-exec-10] INFO  com.project.lvshi.handle.MyMetaObjectHandler - 公共字段自动填充[insert]...
2024-02-29 09:53:35.789 [http-nio-8080-exec-10] INFO  com.project.lvshi.handle.MyMetaObjectHandler - 公共字段自动填充[insert]...
2024-02-29 09:53:56.181 [http-nio-8080-exec-11] INFO  com.project.lvshi.handle.MyMetaObjectHandler - 公共字段自动填充[insert]...
2024-02-29 09:53:56.187 [http-nio-8080-exec-11] INFO  com.project.lvshi.handle.MyMetaObjectHandler - 公共字段自动填充[insert]...
2024-02-29 09:54:20.701 [SpringContextShutdownHook] INFO  o.s.scheduling.concurrent.ThreadPoolTaskExecutor - Shutting down ExecutorService 'applicationTaskExecutor'
2024-02-29 09:54:20.703 [SpringContextShutdownHook] INFO  com.alibaba.druid.pool.DruidDataSource - {dataSource-1} closing ...
2024-02-29 09:54:20.707 [SpringContextShutdownHook] INFO  com.alibaba.druid.pool.DruidDataSource - {dataSource-1} closed
2024-02-29 09:54:27.531 [restartedMain] INFO  com.project.lvshi.LvshiApplication - Starting LvshiApplication using Java 1.8.0_201 on LAPTOP-LDHLJA8N with PID 1152 (D:\bishe\server\lvshi\target\classes started by AA in D:\bishe\server\lvshi)
2024-02-29 09:54:27.534 [restartedMain] INFO  com.project.lvshi.LvshiApplication - The following profiles are active: dev
2024-02-29 09:54:27.583 [restartedMain] INFO  o.s.b.d.env.DevToolsPropertyDefaultsPostProcessor - Devtools property defaults active! Set 'spring.devtools.add-properties' to 'false' to disable
2024-02-29 09:54:27.583 [restartedMain] INFO  o.s.b.d.env.DevToolsPropertyDefaultsPostProcessor - For additional web related logging consider setting the 'logging.level.web' property to 'DEBUG'
2024-02-29 09:54:28.662 [restartedMain] INFO  o.s.d.r.config.RepositoryConfigurationDelegate - Multiple Spring Data modules found, entering strict repository configuration mode!
2024-02-29 09:54:28.665 [restartedMain] INFO  o.s.d.r.config.RepositoryConfigurationDelegate - Bootstrapping Spring Data Redis repositories in DEFAULT mode.
2024-02-29 09:54:28.693 [restartedMain] INFO  o.s.d.r.config.RepositoryConfigurationDelegate - Finished Spring Data repository scanning in 15 ms. Found 0 Redis repository interfaces.
2024-02-29 09:54:29.225 [restartedMain] INFO  o.s.boot.web.embedded.tomcat.TomcatWebServer - Tomcat initialized with port(s): 8080 (http)
2024-02-29 09:54:29.233 [restartedMain] INFO  org.apache.coyote.http11.Http11NioProtocol - Initializing ProtocolHandler ["http-nio-8080"]
2024-02-29 09:54:29.233 [restartedMain] INFO  org.apache.catalina.core.StandardService - Starting service [Tomcat]
2024-02-29 09:54:29.234 [restartedMain] INFO  org.apache.catalina.core.StandardEngine - Starting Servlet engine: [Apache Tomcat/9.0.41]
2024-02-29 09:54:29.235 [restartedMain] INFO  org.apache.catalina.core.AprLifecycleListener - Loaded Apache Tomcat Native library [1.2.26] using APR version [1.7.0].
2024-02-29 09:54:29.236 [restartedMain] INFO  org.apache.catalina.core.AprLifecycleListener - APR capabilities: IPv6 [true], sendfile [true], accept filters [false], random [true].
2024-02-29 09:54:29.236 [restartedMain] INFO  org.apache.catalina.core.AprLifecycleListener - APR/OpenSSL configuration: useAprConnector [false], useOpenSSL [true]
2024-02-29 09:54:29.238 [restartedMain] INFO  org.apache.catalina.core.AprLifecycleListener - OpenSSL successfully initialized [OpenSSL 1.1.1i  8 Dec 2020]
2024-02-29 09:54:29.296 [restartedMain] INFO  o.a.c.core.ContainerBase.[Tomcat].[localhost].[/] - Initializing Spring embedded WebApplicationContext
2024-02-29 09:54:29.296 [restartedMain] INFO  o.s.b.w.s.c.ServletWebServerApplicationContext - Root WebApplicationContext: initialization completed in 1712 ms
2024-02-29 09:54:29.609 [restartedMain] INFO  c.a.d.s.b.a.DruidDataSourceAutoConfigure - Init DruidDataSource
2024-02-29 09:54:29.961 [restartedMain] INFO  com.alibaba.druid.pool.DruidDataSource - {dataSource-1} inited
2024-02-29 09:54:30.912 [restartedMain] INFO  o.s.scheduling.concurrent.ThreadPoolTaskExecutor - Initializing ExecutorService 'applicationTaskExecutor'
2024-02-29 09:54:31.155 [restartedMain] INFO  org.apache.coyote.http11.Http11NioProtocol - Starting ProtocolHandler ["http-nio-8080"]
2024-02-29 09:54:31.175 [restartedMain] INFO  o.s.boot.web.embedded.tomcat.TomcatWebServer - Tomcat started on port(s): 8080 (http) with context path ''
2024-02-29 09:54:31.185 [restartedMain] INFO  com.project.lvshi.LvshiApplication - Started LvshiApplication in 4.131 seconds (JVM running for 5.666)
2024-02-29 09:54:34.895 [http-nio-8080-exec-1] INFO  o.a.c.core.ContainerBase.[Tomcat].[localhost].[/] - Initializing Spring DispatcherServlet 'dispatcherServlet'
2024-02-29 09:54:34.895 [http-nio-8080-exec-1] INFO  org.springframework.web.servlet.DispatcherServlet - Initializing Servlet 'dispatcherServlet'
2024-02-29 09:54:34.896 [http-nio-8080-exec-1] INFO  org.springframework.web.servlet.DispatcherServlet - Completed initialization in 0 ms
2024-02-29 09:54:35.944 [http-nio-8080-exec-1] INFO  com.project.lvshi.handle.MyMetaObjectHandler - 公共字段自动填充[insert]...
2024-02-29 09:54:35.961 [http-nio-8080-exec-1] INFO  com.project.lvshi.handle.MyMetaObjectHandler - 公共字段自动填充[insert]...
2024-02-29 09:57:47.022 [http-nio-8080-exec-2] INFO  com.project.lvshi.handle.MyMetaObjectHandler - 公共字段自动填充[insert]...
2024-02-29 09:57:47.027 [http-nio-8080-exec-2] INFO  com.project.lvshi.handle.MyMetaObjectHandler - 公共字段自动填充[insert]...
2024-02-29 10:59:40.532 [SpringContextShutdownHook] INFO  o.s.scheduling.concurrent.ThreadPoolTaskExecutor - Shutting down ExecutorService 'applicationTaskExecutor'
2024-02-29 10:59:40.535 [SpringContextShutdownHook] INFO  com.alibaba.druid.pool.DruidDataSource - {dataSource-1} closing ...
2024-02-29 10:59:40.537 [SpringContextShutdownHook] INFO  com.alibaba.druid.pool.DruidDataSource - {dataSource-1} closed
2024-02-29 10:59:49.614 [restartedMain] INFO  com.project.lvshi.LvshiApplication - Starting LvshiApplication using Java 1.8.0_201 on LAPTOP-LDHLJA8N with PID 20348 (D:\bishe\server\lvshi\target\classes started by AA in D:\bishe\server\lvshi)
2024-02-29 10:59:49.617 [restartedMain] INFO  com.project.lvshi.LvshiApplication - The following profiles are active: dev
2024-02-29 10:59:49.675 [restartedMain] INFO  o.s.b.d.env.DevToolsPropertyDefaultsPostProcessor - Devtools property defaults active! Set 'spring.devtools.add-properties' to 'false' to disable
2024-02-29 10:59:49.675 [restartedMain] INFO  o.s.b.d.env.DevToolsPropertyDefaultsPostProcessor - For additional web related logging consider setting the 'logging.level.web' property to 'DEBUG'
2024-02-29 10:59:50.753 [restartedMain] INFO  o.s.d.r.config.RepositoryConfigurationDelegate - Multiple Spring Data modules found, entering strict repository configuration mode!
2024-02-29 10:59:50.755 [restartedMain] INFO  o.s.d.r.config.RepositoryConfigurationDelegate - Bootstrapping Spring Data Redis repositories in DEFAULT mode.
2024-02-29 10:59:50.781 [restartedMain] INFO  o.s.d.r.config.RepositoryConfigurationDelegate - Finished Spring Data repository scanning in 14 ms. Found 0 Redis repository interfaces.
2024-02-29 10:59:51.373 [restartedMain] INFO  o.s.boot.web.embedded.tomcat.TomcatWebServer - Tomcat initialized with port(s): 8080 (http)
2024-02-29 10:59:51.382 [restartedMain] INFO  org.apache.coyote.http11.Http11NioProtocol - Initializing ProtocolHandler ["http-nio-8080"]
2024-02-29 10:59:51.382 [restartedMain] INFO  org.apache.catalina.core.StandardService - Starting service [Tomcat]
2024-02-29 10:59:51.382 [restartedMain] INFO  org.apache.catalina.core.StandardEngine - Starting Servlet engine: [Apache Tomcat/9.0.41]
2024-02-29 10:59:51.385 [restartedMain] INFO  org.apache.catalina.core.AprLifecycleListener - Loaded Apache Tomcat Native library [1.2.26] using APR version [1.7.0].
2024-02-29 10:59:51.385 [restartedMain] INFO  org.apache.catalina.core.AprLifecycleListener - APR capabilities: IPv6 [true], sendfile [true], accept filters [false], random [true].
2024-02-29 10:59:51.385 [restartedMain] INFO  org.apache.catalina.core.AprLifecycleListener - APR/OpenSSL configuration: useAprConnector [false], useOpenSSL [true]
2024-02-29 10:59:51.389 [restartedMain] INFO  org.apache.catalina.core.AprLifecycleListener - OpenSSL successfully initialized [OpenSSL 1.1.1i  8 Dec 2020]
2024-02-29 10:59:51.456 [restartedMain] INFO  o.a.c.core.ContainerBase.[Tomcat].[localhost].[/] - Initializing Spring embedded WebApplicationContext
2024-02-29 10:59:51.457 [restartedMain] INFO  o.s.b.w.s.c.ServletWebServerApplicationContext - Root WebApplicationContext: initialization completed in 1781 ms
2024-02-29 10:59:51.798 [restartedMain] INFO  c.a.d.s.b.a.DruidDataSourceAutoConfigure - Init DruidDataSource
2024-02-29 10:59:52.169 [restartedMain] INFO  com.alibaba.druid.pool.DruidDataSource - {dataSource-1} inited
2024-02-29 10:59:53.172 [restartedMain] INFO  o.s.scheduling.concurrent.ThreadPoolTaskExecutor - Initializing ExecutorService 'applicationTaskExecutor'
2024-02-29 10:59:53.410 [restartedMain] INFO  org.apache.coyote.http11.Http11NioProtocol - Starting ProtocolHandler ["http-nio-8080"]
2024-02-29 10:59:53.432 [restartedMain] INFO  o.s.boot.web.embedded.tomcat.TomcatWebServer - Tomcat started on port(s): 8080 (http) with context path ''
2024-02-29 10:59:53.441 [restartedMain] INFO  com.project.lvshi.LvshiApplication - Started LvshiApplication in 4.311 seconds (JVM running for 5.202)
2024-02-29 11:14:09.897 [http-nio-8080-exec-1] INFO  o.a.c.core.ContainerBase.[Tomcat].[localhost].[/] - Initializing Spring DispatcherServlet 'dispatcherServlet'
2024-02-29 11:14:09.897 [http-nio-8080-exec-1] INFO  org.springframework.web.servlet.DispatcherServlet - Initializing Servlet 'dispatcherServlet'
2024-02-29 11:14:09.898 [http-nio-8080-exec-1] INFO  org.springframework.web.servlet.DispatcherServlet - Completed initialization in 1 ms
2024-02-29 11:33:36.696 [SpringContextShutdownHook] INFO  o.s.scheduling.concurrent.ThreadPoolTaskExecutor - Shutting down ExecutorService 'applicationTaskExecutor'
2024-02-29 11:33:36.698 [SpringContextShutdownHook] INFO  com.alibaba.druid.pool.DruidDataSource - {dataSource-1} closing ...
2024-02-29 11:33:36.700 [SpringContextShutdownHook] INFO  com.alibaba.druid.pool.DruidDataSource - {dataSource-1} closed
2024-02-29 11:33:40.690 [restartedMain] INFO  com.project.lvshi.LvshiApplication - Starting LvshiApplication using Java 1.8.0_201 on LAPTOP-LDHLJA8N with PID 20312 (D:\bishe\server\lvshi\target\classes started by AA in D:\bishe\server\lvshi)
2024-02-29 11:33:40.693 [restartedMain] INFO  com.project.lvshi.LvshiApplication - The following profiles are active: dev
2024-02-29 11:33:40.745 [restartedMain] INFO  o.s.b.d.env.DevToolsPropertyDefaultsPostProcessor - Devtools property defaults active! Set 'spring.devtools.add-properties' to 'false' to disable
2024-02-29 11:33:40.745 [restartedMain] INFO  o.s.b.d.env.DevToolsPropertyDefaultsPostProcessor - For additional web related logging consider setting the 'logging.level.web' property to 'DEBUG'
2024-02-29 11:33:41.291 [restartedMain] INFO  o.s.d.r.config.RepositoryConfigurationDelegate - Multiple Spring Data modules found, entering strict repository configuration mode!
2024-02-29 11:33:41.293 [restartedMain] INFO  o.s.d.r.config.RepositoryConfigurationDelegate - Bootstrapping Spring Data Redis repositories in DEFAULT mode.
2024-02-29 11:33:41.317 [restartedMain] INFO  o.s.d.r.config.RepositoryConfigurationDelegate - Finished Spring Data repository scanning in 13 ms. Found 0 Redis repository interfaces.
2024-02-29 11:33:41.810 [restartedMain] INFO  o.s.boot.web.embedded.tomcat.TomcatWebServer - Tomcat initialized with port(s): 8080 (http)
2024-02-29 11:33:41.817 [restartedMain] INFO  org.apache.coyote.http11.Http11NioProtocol - Initializing ProtocolHandler ["http-nio-8080"]
2024-02-29 11:33:41.818 [restartedMain] INFO  org.apache.catalina.core.StandardService - Starting service [Tomcat]
2024-02-29 11:33:41.818 [restartedMain] INFO  org.apache.catalina.core.StandardEngine - Starting Servlet engine: [Apache Tomcat/9.0.41]
2024-02-29 11:33:41.820 [restartedMain] INFO  org.apache.catalina.core.AprLifecycleListener - Loaded Apache Tomcat Native library [1.2.26] using APR version [1.7.0].
2024-02-29 11:33:41.821 [restartedMain] INFO  org.apache.catalina.core.AprLifecycleListener - APR capabilities: IPv6 [true], sendfile [true], accept filters [false], random [true].
2024-02-29 11:33:41.821 [restartedMain] INFO  org.apache.catalina.core.AprLifecycleListener - APR/OpenSSL configuration: useAprConnector [false], useOpenSSL [true]
2024-02-29 11:33:41.823 [restartedMain] INFO  org.apache.catalina.core.AprLifecycleListener - OpenSSL successfully initialized [OpenSSL 1.1.1i  8 Dec 2020]
2024-02-29 11:33:41.879 [restartedMain] INFO  o.a.c.core.ContainerBase.[Tomcat].[localhost].[/] - Initializing Spring embedded WebApplicationContext
2024-02-29 11:33:41.880 [restartedMain] INFO  o.s.b.w.s.c.ServletWebServerApplicationContext - Root WebApplicationContext: initialization completed in 1134 ms
2024-02-29 11:33:42.202 [restartedMain] INFO  c.a.d.s.b.a.DruidDataSourceAutoConfigure - Init DruidDataSource
2024-02-29 11:33:42.521 [restartedMain] INFO  com.alibaba.druid.pool.DruidDataSource - {dataSource-1} inited
2024-02-29 11:33:43.459 [restartedMain] INFO  o.s.scheduling.concurrent.ThreadPoolTaskExecutor - Initializing ExecutorService 'applicationTaskExecutor'
2024-02-29 11:33:43.748 [restartedMain] INFO  org.apache.coyote.http11.Http11NioProtocol - Starting ProtocolHandler ["http-nio-8080"]
2024-02-29 11:33:43.772 [restartedMain] INFO  o.s.boot.web.embedded.tomcat.TomcatWebServer - Tomcat started on port(s): 8080 (http) with context path ''
2024-02-29 11:33:43.781 [restartedMain] INFO  com.project.lvshi.LvshiApplication - Started LvshiApplication in 3.583 seconds (JVM running for 4.418)
2024-02-29 11:34:02.411 [http-nio-8080-exec-2] INFO  o.a.c.core.ContainerBase.[Tomcat].[localhost].[/] - Initializing Spring DispatcherServlet 'dispatcherServlet'
2024-02-29 11:34:02.411 [http-nio-8080-exec-2] INFO  org.springframework.web.servlet.DispatcherServlet - Initializing Servlet 'dispatcherServlet'
2024-02-29 11:34:02.412 [http-nio-8080-exec-2] INFO  org.springframework.web.servlet.DispatcherServlet - Completed initialization in 1 ms
2024-02-29 11:34:11.022 [http-nio-8080-exec-8] INFO  com.project.lvshi.handle.MyMetaObjectHandler - 公共字段自动填充[insert]...
2024-02-29 11:34:11.039 [http-nio-8080-exec-8] INFO  com.project.lvshi.handle.MyMetaObjectHandler - 公共字段自动填充[insert]...
2024-02-29 11:34:54.434 [http-nio-8080-exec-16] INFO  com.project.lvshi.handle.MyMetaObjectHandler - 公共字段自动填充[insert]...
2024-02-29 11:34:54.439 [http-nio-8080-exec-16] INFO  com.project.lvshi.handle.MyMetaObjectHandler - 公共字段自动填充[insert]...
2024-02-29 11:35:56.607 [http-nio-8080-exec-24] INFO  com.project.lvshi.handle.MyMetaObjectHandler - 公共字段自动填充[insert]...
2024-02-29 11:35:56.611 [http-nio-8080-exec-24] INFO  com.project.lvshi.handle.MyMetaObjectHandler - 公共字段自动填充[insert]...
2024-02-29 11:36:54.101 [http-nio-8080-exec-32] INFO  com.project.lvshi.handle.MyMetaObjectHandler - 公共字段自动填充[insert]...
2024-02-29 11:36:54.104 [http-nio-8080-exec-32] INFO  com.project.lvshi.handle.MyMetaObjectHandler - 公共字段自动填充[insert]...
2024-02-29 11:37:23.652 [http-nio-8080-exec-40] INFO  com.project.lvshi.handle.MyMetaObjectHandler - 公共字段自动填充[insert]...
2024-02-29 11:37:23.655 [http-nio-8080-exec-40] INFO  com.project.lvshi.handle.MyMetaObjectHandler - 公共字段自动填充[insert]...
2024-02-29 11:38:02.510 [http-nio-8080-exec-48] INFO  com.project.lvshi.handle.MyMetaObjectHandler - 公共字段自动填充[insert]...
2024-02-29 11:38:02.514 [http-nio-8080-exec-48] INFO  com.project.lvshi.handle.MyMetaObjectHandler - 公共字段自动填充[insert]...
2024-02-29 11:38:59.741 [http-nio-8080-exec-57] INFO  com.project.lvshi.handle.MyMetaObjectHandler - 公共字段自动填充[insert]...
2024-02-29 11:38:59.748 [http-nio-8080-exec-57] INFO  com.project.lvshi.handle.MyMetaObjectHandler - 公共字段自动填充[insert]...
2024-02-29 11:39:18.708 [http-nio-8080-exec-64] INFO  com.project.lvshi.handle.MyMetaObjectHandler - 公共字段自动填充[insert]...
2024-02-29 11:39:18.712 [http-nio-8080-exec-64] INFO  com.project.lvshi.handle.MyMetaObjectHandler - 公共字段自动填充[insert]...
2024-02-29 11:39:37.153 [http-nio-8080-exec-71] INFO  com.project.lvshi.handle.MyMetaObjectHandler - 公共字段自动填充[update]...
2024-02-29 14:13:29.471 [SpringContextShutdownHook] INFO  o.s.scheduling.concurrent.ThreadPoolTaskExecutor - Shutting down ExecutorService 'applicationTaskExecutor'
2024-02-29 14:13:29.474 [SpringContextShutdownHook] INFO  com.alibaba.druid.pool.DruidDataSource - {dataSource-1} closing ...
2024-02-29 14:13:29.477 [SpringContextShutdownHook] INFO  com.alibaba.druid.pool.DruidDataSource - {dataSource-1} closed
2024-02-29 14:13:36.374 [restartedMain] INFO  com.project.lvshi.LvshiApplication - Starting LvshiApplication using Java 1.8.0_201 on LAPTOP-LDHLJA8N with PID 8364 (D:\bishe\server\lvshi\target\classes started by AA in D:\bishe\server\lvshi)
2024-02-29 14:13:36.377 [restartedMain] INFO  com.project.lvshi.LvshiApplication - The following profiles are active: dev
2024-02-29 14:13:36.436 [restartedMain] INFO  o.s.b.d.env.DevToolsPropertyDefaultsPostProcessor - Devtools property defaults active! Set 'spring.devtools.add-properties' to 'false' to disable
2024-02-29 14:13:36.436 [restartedMain] INFO  o.s.b.d.env.DevToolsPropertyDefaultsPostProcessor - For additional web related logging consider setting the 'logging.level.web' property to 'DEBUG'
2024-02-29 14:13:37.066 [restartedMain] INFO  o.s.d.r.config.RepositoryConfigurationDelegate - Multiple Spring Data modules found, entering strict repository configuration mode!
2024-02-29 14:13:37.068 [restartedMain] INFO  o.s.d.r.config.RepositoryConfigurationDelegate - Bootstrapping Spring Data Redis repositories in DEFAULT mode.
2024-02-29 14:13:37.097 [restartedMain] INFO  o.s.d.r.config.RepositoryConfigurationDelegate - Finished Spring Data repository scanning in 15 ms. Found 0 Redis repository interfaces.
2024-02-29 14:13:37.687 [restartedMain] INFO  o.s.boot.web.embedded.tomcat.TomcatWebServer - Tomcat initialized with port(s): 8080 (http)
2024-02-29 14:13:37.694 [restartedMain] INFO  org.apache.coyote.http11.Http11NioProtocol - Initializing ProtocolHandler ["http-nio-8080"]
2024-02-29 14:13:37.695 [restartedMain] INFO  org.apache.catalina.core.StandardService - Starting service [Tomcat]
2024-02-29 14:13:37.695 [restartedMain] INFO  org.apache.catalina.core.StandardEngine - Starting Servlet engine: [Apache Tomcat/9.0.41]
2024-02-29 14:13:37.697 [restartedMain] INFO  org.apache.catalina.core.AprLifecycleListener - Loaded Apache Tomcat Native library [1.2.26] using APR version [1.7.0].
2024-02-29 14:13:37.697 [restartedMain] INFO  org.apache.catalina.core.AprLifecycleListener - APR capabilities: IPv6 [true], sendfile [true], accept filters [false], random [true].
2024-02-29 14:13:37.698 [restartedMain] INFO  org.apache.catalina.core.AprLifecycleListener - APR/OpenSSL configuration: useAprConnector [false], useOpenSSL [true]
2024-02-29 14:13:37.700 [restartedMain] INFO  org.apache.catalina.core.AprLifecycleListener - OpenSSL successfully initialized [OpenSSL 1.1.1i  8 Dec 2020]
2024-02-29 14:13:37.762 [restartedMain] INFO  o.a.c.core.ContainerBase.[Tomcat].[localhost].[/] - Initializing Spring embedded WebApplicationContext
2024-02-29 14:13:37.762 [restartedMain] INFO  o.s.b.w.s.c.ServletWebServerApplicationContext - Root WebApplicationContext: initialization completed in 1324 ms
2024-02-29 14:13:38.158 [restartedMain] INFO  c.a.d.s.b.a.DruidDataSourceAutoConfigure - Init DruidDataSource
2024-02-29 14:13:38.491 [restartedMain] INFO  com.alibaba.druid.pool.DruidDataSource - {dataSource-1} inited
2024-02-29 14:13:39.537 [restartedMain] INFO  o.s.scheduling.concurrent.ThreadPoolTaskExecutor - Initializing ExecutorService 'applicationTaskExecutor'
2024-02-29 14:13:39.793 [restartedMain] INFO  o.s.b.d.autoconfigure.OptionalLiveReloadServer - LiveReload server is running on port 35729
2024-02-29 14:13:39.833 [restartedMain] INFO  org.apache.coyote.http11.Http11NioProtocol - Starting ProtocolHandler ["http-nio-8080"]
2024-02-29 14:13:39.863 [restartedMain] INFO  o.s.boot.web.embedded.tomcat.TomcatWebServer - Tomcat started on port(s): 8080 (http) with context path ''
2024-02-29 14:13:39.873 [restartedMain] INFO  com.project.lvshi.LvshiApplication - Started LvshiApplication in 4.062 seconds (JVM running for 5.028)
2024-02-29 14:24:43.904 [SpringContextShutdownHook] INFO  o.s.scheduling.concurrent.ThreadPoolTaskExecutor - Shutting down ExecutorService 'applicationTaskExecutor'
2024-02-29 14:24:43.906 [SpringContextShutdownHook] INFO  com.alibaba.druid.pool.DruidDataSource - {dataSource-1} closing ...
2024-02-29 14:24:43.911 [SpringContextShutdownHook] INFO  com.alibaba.druid.pool.DruidDataSource - {dataSource-1} closed
2024-02-29 14:24:48.417 [restartedMain] INFO  com.project.lvshi.LvshiApplication - Starting LvshiApplication using Java 1.8.0_201 on LAPTOP-LDHLJA8N with PID 18268 (D:\bishe\server\lvshi\target\classes started by AA in D:\bishe\server\lvshi)
2024-02-29 14:24:48.420 [restartedMain] INFO  com.project.lvshi.LvshiApplication - The following profiles are active: dev
2024-02-29 14:24:48.475 [restartedMain] INFO  o.s.b.d.env.DevToolsPropertyDefaultsPostProcessor - Devtools property defaults active! Set 'spring.devtools.add-properties' to 'false' to disable
2024-02-29 14:24:48.475 [restartedMain] INFO  o.s.b.d.env.DevToolsPropertyDefaultsPostProcessor - For additional web related logging consider setting the 'logging.level.web' property to 'DEBUG'
2024-02-29 14:24:49.064 [restartedMain] INFO  o.s.d.r.config.RepositoryConfigurationDelegate - Multiple Spring Data modules found, entering strict repository configuration mode!
2024-02-29 14:24:49.066 [restartedMain] INFO  o.s.d.r.config.RepositoryConfigurationDelegate - Bootstrapping Spring Data Redis repositories in DEFAULT mode.
2024-02-29 14:24:49.090 [restartedMain] INFO  o.s.d.r.config.RepositoryConfigurationDelegate - Finished Spring Data repository scanning in 13 ms. Found 0 Redis repository interfaces.
2024-02-29 14:24:49.571 [restartedMain] INFO  o.s.boot.web.embedded.tomcat.TomcatWebServer - Tomcat initialized with port(s): 8080 (http)
2024-02-29 14:24:49.578 [restartedMain] INFO  org.apache.coyote.http11.Http11NioProtocol - Initializing ProtocolHandler ["http-nio-8080"]
2024-02-29 14:24:49.579 [restartedMain] INFO  org.apache.catalina.core.StandardService - Starting service [Tomcat]
2024-02-29 14:24:49.579 [restartedMain] INFO  org.apache.catalina.core.StandardEngine - Starting Servlet engine: [Apache Tomcat/9.0.41]
2024-02-29 14:24:49.581 [restartedMain] INFO  org.apache.catalina.core.AprLifecycleListener - Loaded Apache Tomcat Native library [1.2.26] using APR version [1.7.0].
2024-02-29 14:24:49.581 [restartedMain] INFO  org.apache.catalina.core.AprLifecycleListener - APR capabilities: IPv6 [true], sendfile [true], accept filters [false], random [true].
2024-02-29 14:24:49.582 [restartedMain] INFO  org.apache.catalina.core.AprLifecycleListener - APR/OpenSSL configuration: useAprConnector [false], useOpenSSL [true]
2024-02-29 14:24:49.584 [restartedMain] INFO  org.apache.catalina.core.AprLifecycleListener - OpenSSL successfully initialized [OpenSSL 1.1.1i  8 Dec 2020]
2024-02-29 14:24:49.640 [restartedMain] INFO  o.a.c.core.ContainerBase.[Tomcat].[localhost].[/] - Initializing Spring embedded WebApplicationContext
2024-02-29 14:24:49.641 [restartedMain] INFO  o.s.b.w.s.c.ServletWebServerApplicationContext - Root WebApplicationContext: initialization completed in 1164 ms
2024-02-29 14:24:49.963 [restartedMain] INFO  c.a.d.s.b.a.DruidDataSourceAutoConfigure - Init DruidDataSource
2024-02-29 14:24:50.272 [restartedMain] INFO  com.alibaba.druid.pool.DruidDataSource - {dataSource-1} inited
2024-02-29 14:24:51.280 [restartedMain] INFO  o.s.scheduling.concurrent.ThreadPoolTaskExecutor - Initializing ExecutorService 'applicationTaskExecutor'
2024-02-29 14:24:51.506 [restartedMain] INFO  o.s.b.d.autoconfigure.OptionalLiveReloadServer - LiveReload server is running on port 35729
2024-02-29 14:24:51.537 [restartedMain] INFO  org.apache.coyote.http11.Http11NioProtocol - Starting ProtocolHandler ["http-nio-8080"]
2024-02-29 14:24:51.561 [restartedMain] INFO  o.s.boot.web.embedded.tomcat.TomcatWebServer - Tomcat started on port(s): 8080 (http) with context path ''
2024-02-29 14:24:51.570 [restartedMain] INFO  com.project.lvshi.LvshiApplication - Started LvshiApplication in 3.654 seconds (JVM running for 4.576)
2024-02-29 14:29:15.171 [http-nio-8080-exec-2] INFO  o.a.c.core.ContainerBase.[Tomcat].[localhost].[/] - Initializing Spring DispatcherServlet 'dispatcherServlet'
2024-02-29 14:29:15.171 [http-nio-8080-exec-2] INFO  org.springframework.web.servlet.DispatcherServlet - Initializing Servlet 'dispatcherServlet'
2024-02-29 14:29:15.173 [http-nio-8080-exec-2] INFO  org.springframework.web.servlet.DispatcherServlet - Completed initialization in 1 ms
2024-02-29 14:39:10.240 [http-nio-8080-exec-30] INFO  com.project.lvshi.handle.MyMetaObjectHandler - 公共字段自动填充[insert]...
2024-02-29 14:40:57.696 [http-nio-8080-exec-32] INFO  com.project.lvshi.handle.MyMetaObjectHandler - 公共字段自动填充[insert]...
2024-02-29 14:57:44.613 [SpringContextShutdownHook] INFO  o.s.scheduling.concurrent.ThreadPoolTaskExecutor - Shutting down ExecutorService 'applicationTaskExecutor'
2024-02-29 14:57:44.615 [SpringContextShutdownHook] INFO  com.alibaba.druid.pool.DruidDataSource - {dataSource-1} closing ...
2024-02-29 14:57:44.617 [SpringContextShutdownHook] INFO  com.alibaba.druid.pool.DruidDataSource - {dataSource-1} closed
2024-02-29 14:57:51.392 [restartedMain] INFO  com.project.lvshi.LvshiApplication - Starting LvshiApplication using Java 1.8.0_201 on LAPTOP-LDHLJA8N with PID 19876 (D:\bishe\server\lvshi\target\classes started by AA in D:\bishe\server\lvshi)
2024-02-29 14:57:51.395 [restartedMain] INFO  com.project.lvshi.LvshiApplication - The following profiles are active: dev
2024-02-29 14:57:51.449 [restartedMain] INFO  o.s.b.d.env.DevToolsPropertyDefaultsPostProcessor - Devtools property defaults active! Set 'spring.devtools.add-properties' to 'false' to disable
2024-02-29 14:57:51.449 [restartedMain] INFO  o.s.b.d.env.DevToolsPropertyDefaultsPostProcessor - For additional web related logging consider setting the 'logging.level.web' property to 'DEBUG'
2024-02-29 14:57:52.075 [restartedMain] INFO  o.s.d.r.config.RepositoryConfigurationDelegate - Multiple Spring Data modules found, entering strict repository configuration mode!
2024-02-29 14:57:52.077 [restartedMain] INFO  o.s.d.r.config.RepositoryConfigurationDelegate - Bootstrapping Spring Data Redis repositories in DEFAULT mode.
2024-02-29 14:57:52.110 [restartedMain] INFO  o.s.d.r.config.RepositoryConfigurationDelegate - Finished Spring Data repository scanning in 18 ms. Found 0 Redis repository interfaces.
2024-02-29 14:57:52.872 [restartedMain] INFO  o.s.boot.web.embedded.tomcat.TomcatWebServer - Tomcat initialized with port(s): 8080 (http)
2024-02-29 14:57:52.884 [restartedMain] INFO  org.apache.coyote.http11.Http11NioProtocol - Initializing ProtocolHandler ["http-nio-8080"]
2024-02-29 14:57:52.885 [restartedMain] INFO  org.apache.catalina.core.StandardService - Starting service [Tomcat]
2024-02-29 14:57:52.886 [restartedMain] INFO  org.apache.catalina.core.StandardEngine - Starting Servlet engine: [Apache Tomcat/9.0.41]
2024-02-29 14:57:52.889 [restartedMain] INFO  org.apache.catalina.core.AprLifecycleListener - Loaded Apache Tomcat Native library [1.2.26] using APR version [1.7.0].
2024-02-29 14:57:52.890 [restartedMain] INFO  org.apache.catalina.core.AprLifecycleListener - APR capabilities: IPv6 [true], sendfile [true], accept filters [false], random [true].
2024-02-29 14:57:52.890 [restartedMain] INFO  org.apache.catalina.core.AprLifecycleListener - APR/OpenSSL configuration: useAprConnector [false], useOpenSSL [true]
2024-02-29 14:57:52.894 [restartedMain] INFO  org.apache.catalina.core.AprLifecycleListener - OpenSSL successfully initialized [OpenSSL 1.1.1i  8 Dec 2020]
2024-02-29 14:57:53.003 [restartedMain] INFO  o.a.c.core.ContainerBase.[Tomcat].[localhost].[/] - Initializing Spring embedded WebApplicationContext
2024-02-29 14:57:53.004 [restartedMain] INFO  o.s.b.w.s.c.ServletWebServerApplicationContext - Root WebApplicationContext: initialization completed in 1554 ms
2024-02-29 14:57:53.380 [restartedMain] INFO  c.a.d.s.b.a.DruidDataSourceAutoConfigure - Init DruidDataSource
2024-02-29 14:57:53.710 [restartedMain] INFO  com.alibaba.druid.pool.DruidDataSource - {dataSource-1} inited
2024-02-29 14:57:54.735 [restartedMain] INFO  o.s.scheduling.concurrent.ThreadPoolTaskExecutor - Initializing ExecutorService 'applicationTaskExecutor'
2024-02-29 14:57:54.976 [restartedMain] INFO  o.s.b.d.autoconfigure.OptionalLiveReloadServer - LiveReload server is running on port 35729
2024-02-29 14:57:55.011 [restartedMain] INFO  org.apache.coyote.http11.Http11NioProtocol - Starting ProtocolHandler ["http-nio-8080"]
2024-02-29 14:57:55.033 [restartedMain] INFO  o.s.boot.web.embedded.tomcat.TomcatWebServer - Tomcat started on port(s): 8080 (http) with context path ''
2024-02-29 14:57:55.044 [restartedMain] INFO  com.project.lvshi.LvshiApplication - Started LvshiApplication in 4.231 seconds (JVM running for 5.066)
2024-02-29 14:58:18.557 [http-nio-8080-exec-1] INFO  o.a.c.core.ContainerBase.[Tomcat].[localhost].[/] - Initializing Spring DispatcherServlet 'dispatcherServlet'
2024-02-29 14:58:18.557 [http-nio-8080-exec-1] INFO  org.springframework.web.servlet.DispatcherServlet - Initializing Servlet 'dispatcherServlet'
2024-02-29 14:58:18.559 [http-nio-8080-exec-1] INFO  org.springframework.web.servlet.DispatcherServlet - Completed initialization in 1 ms
2024-02-29 15:02:16.365 [SpringContextShutdownHook] INFO  o.s.scheduling.concurrent.ThreadPoolTaskExecutor - Shutting down ExecutorService 'applicationTaskExecutor'
2024-02-29 15:02:16.366 [SpringContextShutdownHook] INFO  com.alibaba.druid.pool.DruidDataSource - {dataSource-1} closing ...
2024-02-29 15:02:16.371 [SpringContextShutdownHook] INFO  com.alibaba.druid.pool.DruidDataSource - {dataSource-1} closed
2024-02-29 15:02:36.283 [restartedMain] INFO  com.project.lvshi.LvshiApplication - Starting LvshiApplication using Java 1.8.0_201 on LAPTOP-LDHLJA8N with PID 20544 (D:\bishe\server\lvshi\target\classes started by AA in D:\bishe\server\lvshi)
2024-02-29 15:02:36.285 [restartedMain] INFO  com.project.lvshi.LvshiApplication - The following profiles are active: dev
2024-02-29 15:02:36.337 [restartedMain] INFO  o.s.b.d.env.DevToolsPropertyDefaultsPostProcessor - Devtools property defaults active! Set 'spring.devtools.add-properties' to 'false' to disable
2024-02-29 15:02:36.337 [restartedMain] INFO  o.s.b.d.env.DevToolsPropertyDefaultsPostProcessor - For additional web related logging consider setting the 'logging.level.web' property to 'DEBUG'
2024-02-29 15:02:36.901 [restartedMain] INFO  o.s.d.r.config.RepositoryConfigurationDelegate - Multiple Spring Data modules found, entering strict repository configuration mode!
2024-02-29 15:02:36.903 [restartedMain] INFO  o.s.d.r.config.RepositoryConfigurationDelegate - Bootstrapping Spring Data Redis repositories in DEFAULT mode.
2024-02-29 15:02:36.927 [restartedMain] INFO  o.s.d.r.config.RepositoryConfigurationDelegate - Finished Spring Data repository scanning in 13 ms. Found 0 Redis repository interfaces.
2024-02-29 15:02:37.396 [restartedMain] INFO  o.s.boot.web.embedded.tomcat.TomcatWebServer - Tomcat initialized with port(s): 8080 (http)
2024-02-29 15:02:37.403 [restartedMain] INFO  org.apache.coyote.http11.Http11NioProtocol - Initializing ProtocolHandler ["http-nio-8080"]
2024-02-29 15:02:37.404 [restartedMain] INFO  org.apache.catalina.core.StandardService - Starting service [Tomcat]
2024-02-29 15:02:37.404 [restartedMain] INFO  org.apache.catalina.core.StandardEngine - Starting Servlet engine: [Apache Tomcat/9.0.41]
2024-02-29 15:02:37.406 [restartedMain] INFO  org.apache.catalina.core.AprLifecycleListener - Loaded Apache Tomcat Native library [1.2.26] using APR version [1.7.0].
2024-02-29 15:02:37.406 [restartedMain] INFO  org.apache.catalina.core.AprLifecycleListener - APR capabilities: IPv6 [true], sendfile [true], accept filters [false], random [true].
2024-02-29 15:02:37.406 [restartedMain] INFO  org.apache.catalina.core.AprLifecycleListener - APR/OpenSSL configuration: useAprConnector [false], useOpenSSL [true]
2024-02-29 15:02:37.408 [restartedMain] INFO  org.apache.catalina.core.AprLifecycleListener - OpenSSL successfully initialized [OpenSSL 1.1.1i  8 Dec 2020]
2024-02-29 15:02:37.467 [restartedMain] INFO  o.a.c.core.ContainerBase.[Tomcat].[localhost].[/] - Initializing Spring embedded WebApplicationContext
2024-02-29 15:02:37.467 [restartedMain] INFO  o.s.b.w.s.c.ServletWebServerApplicationContext - Root WebApplicationContext: initialization completed in 1129 ms
2024-02-29 15:02:37.788 [restartedMain] INFO  c.a.d.s.b.a.DruidDataSourceAutoConfigure - Init DruidDataSource
2024-02-29 15:02:38.091 [restartedMain] INFO  com.alibaba.druid.pool.DruidDataSource - {dataSource-1} inited
2024-02-29 15:02:39.027 [restartedMain] INFO  o.s.scheduling.concurrent.ThreadPoolTaskExecutor - Initializing ExecutorService 'applicationTaskExecutor'
2024-02-29 15:02:39.250 [restartedMain] INFO  o.s.b.d.autoconfigure.OptionalLiveReloadServer - LiveReload server is running on port 35729
2024-02-29 15:02:39.280 [restartedMain] INFO  org.apache.coyote.http11.Http11NioProtocol - Starting ProtocolHandler ["http-nio-8080"]
2024-02-29 15:02:39.301 [restartedMain] INFO  o.s.boot.web.embedded.tomcat.TomcatWebServer - Tomcat started on port(s): 8080 (http) with context path ''
2024-02-29 15:02:39.309 [restartedMain] INFO  com.project.lvshi.LvshiApplication - Started LvshiApplication in 3.516 seconds (JVM running for 4.407)
2024-02-29 15:02:45.991 [http-nio-8080-exec-2] INFO  o.a.c.core.ContainerBase.[Tomcat].[localhost].[/] - Initializing Spring DispatcherServlet 'dispatcherServlet'
2024-02-29 15:02:45.992 [http-nio-8080-exec-2] INFO  org.springframework.web.servlet.DispatcherServlet - Initializing Servlet 'dispatcherServlet'
2024-02-29 15:02:45.993 [http-nio-8080-exec-2] INFO  org.springframework.web.servlet.DispatcherServlet - Completed initialization in 1 ms
2024-02-29 15:03:34.495 [SpringContextShutdownHook] INFO  o.s.scheduling.concurrent.ThreadPoolTaskExecutor - Shutting down ExecutorService 'applicationTaskExecutor'
2024-02-29 15:03:34.497 [SpringContextShutdownHook] INFO  com.alibaba.druid.pool.DruidDataSource - {dataSource-1} closing ...
2024-02-29 15:03:34.501 [SpringContextShutdownHook] INFO  com.alibaba.druid.pool.DruidDataSource - {dataSource-1} closed
2024-02-29 15:03:40.545 [restartedMain] INFO  com.project.lvshi.LvshiApplication - Starting LvshiApplication using Java 1.8.0_201 on LAPTOP-LDHLJA8N with PID 13376 (D:\bishe\server\lvshi\target\classes started by AA in D:\bishe\server\lvshi)
2024-02-29 15:03:40.548 [restartedMain] INFO  com.project.lvshi.LvshiApplication - The following profiles are active: dev
2024-02-29 15:03:40.601 [restartedMain] INFO  o.s.b.d.env.DevToolsPropertyDefaultsPostProcessor - Devtools property defaults active! Set 'spring.devtools.add-properties' to 'false' to disable
2024-02-29 15:03:40.601 [restartedMain] INFO  o.s.b.d.env.DevToolsPropertyDefaultsPostProcessor - For additional web related logging consider setting the 'logging.level.web' property to 'DEBUG'
2024-02-29 15:03:41.215 [restartedMain] INFO  o.s.d.r.config.RepositoryConfigurationDelegate - Multiple Spring Data modules found, entering strict repository configuration mode!
2024-02-29 15:03:41.217 [restartedMain] INFO  o.s.d.r.config.RepositoryConfigurationDelegate - Bootstrapping Spring Data Redis repositories in DEFAULT mode.
2024-02-29 15:03:41.241 [restartedMain] INFO  o.s.d.r.config.RepositoryConfigurationDelegate - Finished Spring Data repository scanning in 14 ms. Found 0 Redis repository interfaces.
2024-02-29 15:03:41.744 [restartedMain] INFO  o.s.boot.web.embedded.tomcat.TomcatWebServer - Tomcat initialized with port(s): 8080 (http)
2024-02-29 15:03:41.752 [restartedMain] INFO  org.apache.coyote.http11.Http11NioProtocol - Initializing ProtocolHandler ["http-nio-8080"]
2024-02-29 15:03:41.753 [restartedMain] INFO  org.apache.catalina.core.StandardService - Starting service [Tomcat]
2024-02-29 15:03:41.753 [restartedMain] INFO  org.apache.catalina.core.StandardEngine - Starting Servlet engine: [Apache Tomcat/9.0.41]
2024-02-29 15:03:41.755 [restartedMain] INFO  org.apache.catalina.core.AprLifecycleListener - Loaded Apache Tomcat Native library [1.2.26] using APR version [1.7.0].
2024-02-29 15:03:41.755 [restartedMain] INFO  org.apache.catalina.core.AprLifecycleListener - APR capabilities: IPv6 [true], sendfile [true], accept filters [false], random [true].
2024-02-29 15:03:41.755 [restartedMain] INFO  org.apache.catalina.core.AprLifecycleListener - APR/OpenSSL configuration: useAprConnector [false], useOpenSSL [true]
2024-02-29 15:03:41.757 [restartedMain] INFO  org.apache.catalina.core.AprLifecycleListener - OpenSSL successfully initialized [OpenSSL 1.1.1i  8 Dec 2020]
2024-02-29 15:03:41.817 [restartedMain] INFO  o.a.c.core.ContainerBase.[Tomcat].[localhost].[/] - Initializing Spring embedded WebApplicationContext
2024-02-29 15:03:41.818 [restartedMain] INFO  o.s.b.w.s.c.ServletWebServerApplicationContext - Root WebApplicationContext: initialization completed in 1216 ms
2024-02-29 15:03:42.144 [restartedMain] INFO  c.a.d.s.b.a.DruidDataSourceAutoConfigure - Init DruidDataSource
2024-02-29 15:03:42.453 [restartedMain] INFO  com.alibaba.druid.pool.DruidDataSource - {dataSource-1} inited
2024-02-29 15:03:43.393 [restartedMain] INFO  o.s.scheduling.concurrent.ThreadPoolTaskExecutor - Initializing ExecutorService 'applicationTaskExecutor'
2024-02-29 15:03:43.614 [restartedMain] INFO  o.s.b.d.autoconfigure.OptionalLiveReloadServer - LiveReload server is running on port 35729
2024-02-29 15:03:43.643 [restartedMain] INFO  org.apache.coyote.http11.Http11NioProtocol - Starting ProtocolHandler ["http-nio-8080"]
2024-02-29 15:03:43.664 [restartedMain] INFO  o.s.boot.web.embedded.tomcat.TomcatWebServer - Tomcat started on port(s): 8080 (http) with context path ''
2024-02-29 15:03:43.672 [restartedMain] INFO  com.project.lvshi.LvshiApplication - Started LvshiApplication in 3.665 seconds (JVM running for 4.505)
2024-02-29 15:04:17.720 [http-nio-8080-exec-3] INFO  o.a.c.core.ContainerBase.[Tomcat].[localhost].[/] - Initializing Spring DispatcherServlet 'dispatcherServlet'
2024-02-29 15:04:17.720 [http-nio-8080-exec-3] INFO  org.springframework.web.servlet.DispatcherServlet - Initializing Servlet 'dispatcherServlet'
2024-02-29 15:04:17.721 [http-nio-8080-exec-3] INFO  org.springframework.web.servlet.DispatcherServlet - Completed initialization in 1 ms
2024-02-29 15:04:20.126 [http-nio-8080-exec-7] INFO  com.project.lvshi.handle.MyMetaObjectHandler - 公共字段自动填充[update]...
2024-02-29 15:05:09.437 [http-nio-8080-exec-14] INFO  com.project.lvshi.handle.MyMetaObjectHandler - 公共字段自动填充[update]...
2024-02-29 15:05:17.255 [http-nio-8080-exec-16] INFO  com.project.lvshi.handle.MyMetaObjectHandler - 公共字段自动填充[update]...
2024-02-29 15:06:09.345 [SpringContextShutdownHook] INFO  o.s.scheduling.concurrent.ThreadPoolTaskExecutor - Shutting down ExecutorService 'applicationTaskExecutor'
2024-02-29 15:06:09.347 [SpringContextShutdownHook] INFO  com.alibaba.druid.pool.DruidDataSource - {dataSource-1} closing ...
2024-02-29 15:06:09.352 [SpringContextShutdownHook] INFO  com.alibaba.druid.pool.DruidDataSource - {dataSource-1} closed
2024-02-29 15:06:15.251 [restartedMain] INFO  com.project.lvshi.LvshiApplication - Starting LvshiApplication using Java 1.8.0_201 on LAPTOP-LDHLJA8N with PID 1268 (D:\bishe\server\lvshi\target\classes started by AA in D:\bishe\server\lvshi)
2024-02-29 15:06:15.254 [restartedMain] INFO  com.project.lvshi.LvshiApplication - The following profiles are active: dev
2024-02-29 15:06:15.306 [restartedMain] INFO  o.s.b.d.env.DevToolsPropertyDefaultsPostProcessor - Devtools property defaults active! Set 'spring.devtools.add-properties' to 'false' to disable
2024-02-29 15:06:15.307 [restartedMain] INFO  o.s.b.d.env.DevToolsPropertyDefaultsPostProcessor - For additional web related logging consider setting the 'logging.level.web' property to 'DEBUG'
2024-02-29 15:06:15.883 [restartedMain] INFO  o.s.d.r.config.RepositoryConfigurationDelegate - Multiple Spring Data modules found, entering strict repository configuration mode!
2024-02-29 15:06:15.884 [restartedMain] INFO  o.s.d.r.config.RepositoryConfigurationDelegate - Bootstrapping Spring Data Redis repositories in DEFAULT mode.
2024-02-29 15:06:15.909 [restartedMain] INFO  o.s.d.r.config.RepositoryConfigurationDelegate - Finished Spring Data repository scanning in 13 ms. Found 0 Redis repository interfaces.
2024-02-29 15:06:16.384 [restartedMain] INFO  o.s.boot.web.embedded.tomcat.TomcatWebServer - Tomcat initialized with port(s): 8080 (http)
2024-02-29 15:06:16.392 [restartedMain] INFO  org.apache.coyote.http11.Http11NioProtocol - Initializing ProtocolHandler ["http-nio-8080"]
2024-02-29 15:06:16.393 [restartedMain] INFO  org.apache.catalina.core.StandardService - Starting service [Tomcat]
2024-02-29 15:06:16.393 [restartedMain] INFO  org.apache.catalina.core.StandardEngine - Starting Servlet engine: [Apache Tomcat/9.0.41]
2024-02-29 15:06:16.395 [restartedMain] INFO  org.apache.catalina.core.AprLifecycleListener - Loaded Apache Tomcat Native library [1.2.26] using APR version [1.7.0].
2024-02-29 15:06:16.395 [restartedMain] INFO  org.apache.catalina.core.AprLifecycleListener - APR capabilities: IPv6 [true], sendfile [true], accept filters [false], random [true].
2024-02-29 15:06:16.395 [restartedMain] INFO  org.apache.catalina.core.AprLifecycleListener - APR/OpenSSL configuration: useAprConnector [false], useOpenSSL [true]
2024-02-29 15:06:16.397 [restartedMain] INFO  org.apache.catalina.core.AprLifecycleListener - OpenSSL successfully initialized [OpenSSL 1.1.1i  8 Dec 2020]
2024-02-29 15:06:16.455 [restartedMain] INFO  o.a.c.core.ContainerBase.[Tomcat].[localhost].[/] - Initializing Spring embedded WebApplicationContext
2024-02-29 15:06:16.455 [restartedMain] INFO  o.s.b.w.s.c.ServletWebServerApplicationContext - Root WebApplicationContext: initialization completed in 1147 ms
2024-02-29 15:06:16.772 [restartedMain] INFO  c.a.d.s.b.a.DruidDataSourceAutoConfigure - Init DruidDataSource
2024-02-29 15:06:17.084 [restartedMain] INFO  com.alibaba.druid.pool.DruidDataSource - {dataSource-1} inited
2024-02-29 15:06:18.010 [restartedMain] INFO  o.s.scheduling.concurrent.ThreadPoolTaskExecutor - Initializing ExecutorService 'applicationTaskExecutor'
2024-02-29 15:06:18.237 [restartedMain] INFO  o.s.b.d.autoconfigure.OptionalLiveReloadServer - LiveReload server is running on port 35729
2024-02-29 15:06:18.269 [restartedMain] INFO  org.apache.coyote.http11.Http11NioProtocol - Starting ProtocolHandler ["http-nio-8080"]
2024-02-29 15:06:18.290 [restartedMain] INFO  o.s.boot.web.embedded.tomcat.TomcatWebServer - Tomcat started on port(s): 8080 (http) with context path ''
2024-02-29 15:06:18.299 [restartedMain] INFO  com.project.lvshi.LvshiApplication - Started LvshiApplication in 3.574 seconds (JVM running for 4.378)
2024-02-29 15:06:44.325 [http-nio-8080-exec-1] INFO  o.a.c.core.ContainerBase.[Tomcat].[localhost].[/] - Initializing Spring DispatcherServlet 'dispatcherServlet'
2024-02-29 15:06:44.325 [http-nio-8080-exec-1] INFO  org.springframework.web.servlet.DispatcherServlet - Initializing Servlet 'dispatcherServlet'
2024-02-29 15:06:44.326 [http-nio-8080-exec-1] INFO  org.springframework.web.servlet.DispatcherServlet - Completed initialization in 0 ms
2024-02-29 15:11:19.245 [http-nio-8080-exec-45] INFO  com.project.lvshi.handle.MyMetaObjectHandler - 公共字段自动填充[update]...
2024-02-29 15:26:24.052 [SpringContextShutdownHook] INFO  o.s.scheduling.concurrent.ThreadPoolTaskExecutor - Shutting down ExecutorService 'applicationTaskExecutor'
2024-02-29 15:26:24.054 [SpringContextShutdownHook] INFO  com.alibaba.druid.pool.DruidDataSource - {dataSource-1} closing ...
2024-02-29 15:26:24.056 [SpringContextShutdownHook] INFO  com.alibaba.druid.pool.DruidDataSource - {dataSource-1} closed
2024-02-29 15:26:29.746 [restartedMain] INFO  com.project.lvshi.LvshiApplication - Starting LvshiApplication using Java 1.8.0_201 on LAPTOP-LDHLJA8N with PID 23000 (D:\bishe\server\lvshi\target\classes started by AA in D:\bishe\server\lvshi)
2024-02-29 15:26:29.748 [restartedMain] INFO  com.project.lvshi.LvshiApplication - The following profiles are active: dev
2024-02-29 15:26:29.808 [restartedMain] INFO  o.s.b.d.env.DevToolsPropertyDefaultsPostProcessor - Devtools property defaults active! Set 'spring.devtools.add-properties' to 'false' to disable
2024-02-29 15:26:29.808 [restartedMain] INFO  o.s.b.d.env.DevToolsPropertyDefaultsPostProcessor - For additional web related logging consider setting the 'logging.level.web' property to 'DEBUG'
2024-02-29 15:26:30.382 [restartedMain] INFO  o.s.d.r.config.RepositoryConfigurationDelegate - Multiple Spring Data modules found, entering strict repository configuration mode!
2024-02-29 15:26:30.383 [restartedMain] INFO  o.s.d.r.config.RepositoryConfigurationDelegate - Bootstrapping Spring Data Redis repositories in DEFAULT mode.
2024-02-29 15:26:30.408 [restartedMain] INFO  o.s.d.r.config.RepositoryConfigurationDelegate - Finished Spring Data repository scanning in 14 ms. Found 0 Redis repository interfaces.
2024-02-29 15:26:30.881 [restartedMain] INFO  o.s.boot.web.embedded.tomcat.TomcatWebServer - Tomcat initialized with port(s): 8080 (http)
2024-02-29 15:26:30.889 [restartedMain] INFO  org.apache.coyote.http11.Http11NioProtocol - Initializing ProtocolHandler ["http-nio-8080"]
2024-02-29 15:26:30.889 [restartedMain] INFO  org.apache.catalina.core.StandardService - Starting service [Tomcat]
2024-02-29 15:26:30.890 [restartedMain] INFO  org.apache.catalina.core.StandardEngine - Starting Servlet engine: [Apache Tomcat/9.0.41]
2024-02-29 15:26:30.891 [restartedMain] INFO  org.apache.catalina.core.AprLifecycleListener - Loaded Apache Tomcat Native library [1.2.26] using APR version [1.7.0].
2024-02-29 15:26:30.892 [restartedMain] INFO  org.apache.catalina.core.AprLifecycleListener - APR capabilities: IPv6 [true], sendfile [true], accept filters [false], random [true].
2024-02-29 15:26:30.892 [restartedMain] INFO  org.apache.catalina.core.AprLifecycleListener - APR/OpenSSL configuration: useAprConnector [false], useOpenSSL [true]
2024-02-29 15:26:30.894 [restartedMain] INFO  org.apache.catalina.core.AprLifecycleListener - OpenSSL successfully initialized [OpenSSL 1.1.1i  8 Dec 2020]
2024-02-29 15:26:30.951 [restartedMain] INFO  o.a.c.core.ContainerBase.[Tomcat].[localhost].[/] - Initializing Spring embedded WebApplicationContext
2024-02-29 15:26:30.952 [restartedMain] INFO  o.s.b.w.s.c.ServletWebServerApplicationContext - Root WebApplicationContext: initialization completed in 1143 ms
2024-02-29 15:26:31.267 [restartedMain] INFO  c.a.d.s.b.a.DruidDataSourceAutoConfigure - Init DruidDataSource
2024-02-29 15:26:31.571 [restartedMain] INFO  com.alibaba.druid.pool.DruidDataSource - {dataSource-1} inited
2024-02-29 15:26:32.550 [restartedMain] INFO  o.s.scheduling.concurrent.ThreadPoolTaskExecutor - Initializing ExecutorService 'applicationTaskExecutor'
2024-02-29 15:26:32.774 [restartedMain] INFO  o.s.b.d.autoconfigure.OptionalLiveReloadServer - LiveReload server is running on port 35729
2024-02-29 15:26:32.804 [restartedMain] INFO  org.apache.coyote.http11.Http11NioProtocol - Starting ProtocolHandler ["http-nio-8080"]
2024-02-29 15:26:32.824 [restartedMain] INFO  o.s.boot.web.embedded.tomcat.TomcatWebServer - Tomcat started on port(s): 8080 (http) with context path ''
2024-02-29 15:26:32.833 [restartedMain] INFO  com.project.lvshi.LvshiApplication - Started LvshiApplication in 3.578 seconds (JVM running for 4.418)
2024-02-29 15:29:40.724 [http-nio-8080-exec-1] INFO  o.a.c.core.ContainerBase.[Tomcat].[localhost].[/] - Initializing Spring DispatcherServlet 'dispatcherServlet'
2024-02-29 15:29:40.725 [http-nio-8080-exec-1] INFO  org.springframework.web.servlet.DispatcherServlet - Initializing Servlet 'dispatcherServlet'
2024-02-29 15:29:40.726 [http-nio-8080-exec-1] INFO  org.springframework.web.servlet.DispatcherServlet - Completed initialization in 1 ms
2024-02-29 16:15:57.052 [SpringContextShutdownHook] INFO  o.s.scheduling.concurrent.ThreadPoolTaskExecutor - Shutting down ExecutorService 'applicationTaskExecutor'
2024-02-29 16:15:57.054 [SpringContextShutdownHook] INFO  com.alibaba.druid.pool.DruidDataSource - {dataSource-1} closing ...
2024-02-29 16:15:57.055 [SpringContextShutdownHook] INFO  com.alibaba.druid.pool.DruidDataSource - {dataSource-1} closed
2024-02-29 16:16:03.485 [restartedMain] INFO  com.project.lvshi.LvshiApplication - Starting LvshiApplication using Java 1.8.0_201 on LAPTOP-LDHLJA8N with PID 12728 (D:\bishe\server\lvshi\target\classes started by AA in D:\bishe\server\lvshi)
2024-02-29 16:16:03.487 [restartedMain] INFO  com.project.lvshi.LvshiApplication - The following profiles are active: dev
2024-02-29 16:16:03.549 [restartedMain] INFO  o.s.b.d.env.DevToolsPropertyDefaultsPostProcessor - Devtools property defaults active! Set 'spring.devtools.add-properties' to 'false' to disable
2024-02-29 16:16:03.549 [restartedMain] INFO  o.s.b.d.env.DevToolsPropertyDefaultsPostProcessor - For additional web related logging consider setting the 'logging.level.web' property to 'DEBUG'
2024-02-29 16:16:04.135 [restartedMain] INFO  o.s.d.r.config.RepositoryConfigurationDelegate - Multiple Spring Data modules found, entering strict repository configuration mode!
2024-02-29 16:16:04.136 [restartedMain] INFO  o.s.d.r.config.RepositoryConfigurationDelegate - Bootstrapping Spring Data Redis repositories in DEFAULT mode.
2024-02-29 16:16:04.161 [restartedMain] INFO  o.s.d.r.config.RepositoryConfigurationDelegate - Finished Spring Data repository scanning in 14 ms. Found 0 Redis repository interfaces.
2024-02-29 16:16:04.652 [restartedMain] INFO  o.s.boot.web.embedded.tomcat.TomcatWebServer - Tomcat initialized with port(s): 8080 (http)
2024-02-29 16:16:04.659 [restartedMain] INFO  org.apache.coyote.http11.Http11NioProtocol - Initializing ProtocolHandler ["http-nio-8080"]
2024-02-29 16:16:04.660 [restartedMain] INFO  org.apache.catalina.core.StandardService - Starting service [Tomcat]
2024-02-29 16:16:04.660 [restartedMain] INFO  org.apache.catalina.core.StandardEngine - Starting Servlet engine: [Apache Tomcat/9.0.41]
2024-02-29 16:16:04.662 [restartedMain] INFO  org.apache.catalina.core.AprLifecycleListener - Loaded Apache Tomcat Native library [1.2.26] using APR version [1.7.0].
2024-02-29 16:16:04.662 [restartedMain] INFO  org.apache.catalina.core.AprLifecycleListener - APR capabilities: IPv6 [true], sendfile [true], accept filters [false], random [true].
2024-02-29 16:16:04.663 [restartedMain] INFO  org.apache.catalina.core.AprLifecycleListener - APR/OpenSSL configuration: useAprConnector [false], useOpenSSL [true]
2024-02-29 16:16:04.665 [restartedMain] INFO  org.apache.catalina.core.AprLifecycleListener - OpenSSL successfully initialized [OpenSSL 1.1.1i  8 Dec 2020]
2024-02-29 16:16:04.722 [restartedMain] INFO  o.a.c.core.ContainerBase.[Tomcat].[localhost].[/] - Initializing Spring embedded WebApplicationContext
2024-02-29 16:16:04.723 [restartedMain] INFO  o.s.b.w.s.c.ServletWebServerApplicationContext - Root WebApplicationContext: initialization completed in 1173 ms
2024-02-29 16:16:05.066 [restartedMain] INFO  c.a.d.s.b.a.DruidDataSourceAutoConfigure - Init DruidDataSource
2024-02-29 16:16:05.413 [restartedMain] INFO  com.alibaba.druid.pool.DruidDataSource - {dataSource-1} inited
2024-02-29 16:16:06.426 [restartedMain] INFO  o.s.scheduling.concurrent.ThreadPoolTaskExecutor - Initializing ExecutorService 'applicationTaskExecutor'
2024-02-29 16:16:06.662 [restartedMain] INFO  o.s.b.d.autoconfigure.OptionalLiveReloadServer - LiveReload server is running on port 35729
2024-02-29 16:16:06.694 [restartedMain] INFO  org.apache.coyote.http11.Http11NioProtocol - Starting ProtocolHandler ["http-nio-8080"]
2024-02-29 16:16:06.723 [restartedMain] INFO  o.s.boot.web.embedded.tomcat.TomcatWebServer - Tomcat started on port(s): 8080 (http) with context path ''
2024-02-29 16:16:06.733 [restartedMain] INFO  com.project.lvshi.LvshiApplication - Started LvshiApplication in 3.813 seconds (JVM running for 4.778)
2024-02-29 16:19:52.827 [http-nio-8080-exec-1] INFO  o.a.c.core.ContainerBase.[Tomcat].[localhost].[/] - Initializing Spring DispatcherServlet 'dispatcherServlet'
2024-02-29 16:19:52.828 [http-nio-8080-exec-1] INFO  org.springframework.web.servlet.DispatcherServlet - Initializing Servlet 'dispatcherServlet'
2024-02-29 16:19:52.829 [http-nio-8080-exec-1] INFO  org.springframework.web.servlet.DispatcherServlet - Completed initialization in 1 ms
2024-02-29 16:27:53.431 [SpringContextShutdownHook] INFO  o.s.scheduling.concurrent.ThreadPoolTaskExecutor - Shutting down ExecutorService 'applicationTaskExecutor'
2024-02-29 16:27:53.433 [SpringContextShutdownHook] INFO  com.alibaba.druid.pool.DruidDataSource - {dataSource-1} closing ...
2024-02-29 16:27:53.439 [SpringContextShutdownHook] INFO  com.alibaba.druid.pool.DruidDataSource - {dataSource-1} closed
2024-02-29 16:27:56.619 [restartedMain] INFO  com.project.lvshi.LvshiApplication - Starting LvshiApplication using Java 1.8.0_201 on LAPTOP-LDHLJA8N with PID 2928 (D:\bishe\server\lvshi\target\classes started by AA in D:\bishe\server\lvshi)
2024-02-29 16:27:56.622 [restartedMain] INFO  com.project.lvshi.LvshiApplication - The following profiles are active: dev
2024-02-29 16:27:56.685 [restartedMain] INFO  o.s.b.d.env.DevToolsPropertyDefaultsPostProcessor - Devtools property defaults active! Set 'spring.devtools.add-properties' to 'false' to disable
2024-02-29 16:27:56.685 [restartedMain] INFO  o.s.b.d.env.DevToolsPropertyDefaultsPostProcessor - For additional web related logging consider setting the 'logging.level.web' property to 'DEBUG'
2024-02-29 16:27:57.280 [restartedMain] INFO  o.s.d.r.config.RepositoryConfigurationDelegate - Multiple Spring Data modules found, entering strict repository configuration mode!
2024-02-29 16:27:57.282 [restartedMain] INFO  o.s.d.r.config.RepositoryConfigurationDelegate - Bootstrapping Spring Data Redis repositories in DEFAULT mode.
2024-02-29 16:27:57.306 [restartedMain] INFO  o.s.d.r.config.RepositoryConfigurationDelegate - Finished Spring Data repository scanning in 13 ms. Found 0 Redis repository interfaces.
2024-02-29 16:27:57.776 [restartedMain] INFO  o.s.boot.web.embedded.tomcat.TomcatWebServer - Tomcat initialized with port(s): 8080 (http)
2024-02-29 16:27:57.783 [restartedMain] INFO  org.apache.coyote.http11.Http11NioProtocol - Initializing ProtocolHandler ["http-nio-8080"]
2024-02-29 16:27:57.784 [restartedMain] INFO  org.apache.catalina.core.StandardService - Starting service [Tomcat]
2024-02-29 16:27:57.784 [restartedMain] INFO  org.apache.catalina.core.StandardEngine - Starting Servlet engine: [Apache Tomcat/9.0.41]
2024-02-29 16:27:57.786 [restartedMain] INFO  org.apache.catalina.core.AprLifecycleListener - Loaded Apache Tomcat Native library [1.2.26] using APR version [1.7.0].
2024-02-29 16:27:57.786 [restartedMain] INFO  org.apache.catalina.core.AprLifecycleListener - APR capabilities: IPv6 [true], sendfile [true], accept filters [false], random [true].
2024-02-29 16:27:57.786 [restartedMain] INFO  org.apache.catalina.core.AprLifecycleListener - APR/OpenSSL configuration: useAprConnector [false], useOpenSSL [true]
2024-02-29 16:27:57.789 [restartedMain] INFO  org.apache.catalina.core.AprLifecycleListener - OpenSSL successfully initialized [OpenSSL 1.1.1i  8 Dec 2020]
2024-02-29 16:27:57.844 [restartedMain] INFO  o.a.c.core.ContainerBase.[Tomcat].[localhost].[/] - Initializing Spring embedded WebApplicationContext
2024-02-29 16:27:57.844 [restartedMain] INFO  o.s.b.w.s.c.ServletWebServerApplicationContext - Root WebApplicationContext: initialization completed in 1158 ms
2024-02-29 16:27:58.163 [restartedMain] INFO  c.a.d.s.b.a.DruidDataSourceAutoConfigure - Init DruidDataSource
2024-02-29 16:27:58.473 [restartedMain] INFO  com.alibaba.druid.pool.DruidDataSource - {dataSource-1} inited
2024-02-29 16:27:59.398 [restartedMain] INFO  o.s.scheduling.concurrent.ThreadPoolTaskExecutor - Initializing ExecutorService 'applicationTaskExecutor'
2024-02-29 16:27:59.606 [restartedMain] INFO  o.s.b.d.autoconfigure.OptionalLiveReloadServer - LiveReload server is running on port 35729
2024-02-29 16:27:59.636 [restartedMain] INFO  org.apache.coyote.http11.Http11NioProtocol - Starting ProtocolHandler ["http-nio-8080"]
2024-02-29 16:27:59.659 [restartedMain] INFO  o.s.boot.web.embedded.tomcat.TomcatWebServer - Tomcat started on port(s): 8080 (http) with context path ''
2024-02-29 16:27:59.667 [restartedMain] INFO  com.project.lvshi.LvshiApplication - Started LvshiApplication in 3.541 seconds (JVM running for 4.323)
2024-02-29 16:28:08.036 [http-nio-8080-exec-4] INFO  o.a.c.core.ContainerBase.[Tomcat].[localhost].[/] - Initializing Spring DispatcherServlet 'dispatcherServlet'
2024-02-29 16:28:08.036 [http-nio-8080-exec-4] INFO  org.springframework.web.servlet.DispatcherServlet - Initializing Servlet 'dispatcherServlet'
2024-02-29 16:28:08.037 [http-nio-8080-exec-4] INFO  org.springframework.web.servlet.DispatcherServlet - Completed initialization in 0 ms
2024-02-29 16:57:27.010 [SpringContextShutdownHook] INFO  o.s.scheduling.concurrent.ThreadPoolTaskExecutor - Shutting down ExecutorService 'applicationTaskExecutor'
2024-02-29 16:57:27.011 [SpringContextShutdownHook] INFO  com.alibaba.druid.pool.DruidDataSource - {dataSource-1} closing ...
2024-02-29 16:57:27.012 [SpringContextShutdownHook] INFO  com.alibaba.druid.pool.DruidDataSource - {dataSource-1} closed
