2024-03-01 08:33:50.919 [restartedMain] INFO  com.project.lvshi.LvshiApplication - Starting LvshiApplication using Java 1.8.0_201 on LAPTOP-LDHLJA8N with PID 10700 (D:\bishe\server\lvshi\target\classes started by AA in D:\bishe\server\lvshi)
2024-03-01 08:33:50.947 [restartedMain] INFO  com.project.lvshi.LvshiApplication - The following profiles are active: dev
2024-03-01 08:33:51.048 [restartedMain] INFO  o.s.b.d.env.DevToolsPropertyDefaultsPostProcessor - Devtools property defaults active! Set 'spring.devtools.add-properties' to 'false' to disable
2024-03-01 08:33:51.049 [restartedMain] INFO  o.s.b.d.env.DevToolsPropertyDefaultsPostProcessor - For additional web related logging consider setting the 'logging.level.web' property to 'DEBUG'
2024-03-01 08:33:52.986 [restartedMain] INFO  o.s.d.r.config.RepositoryConfigurationDelegate - Multiple Spring Data modules found, entering strict repository configuration mode!
2024-03-01 08:33:52.990 [restartedMain] INFO  o.s.d.r.config.RepositoryConfigurationDelegate - Bootstrapping Spring Data Redis repositories in DEFAULT mode.
2024-03-01 08:33:53.036 [restartedMain] INFO  o.s.d.r.config.RepositoryConfigurationDelegate - Finished Spring Data repository scanning in 22 ms. Found 0 Redis repository interfaces.
2024-03-01 08:33:53.972 [restartedMain] INFO  o.s.boot.web.embedded.tomcat.TomcatWebServer - Tomcat initialized with port(s): 8080 (http)
2024-03-01 08:33:53.983 [restartedMain] INFO  org.apache.coyote.http11.Http11NioProtocol - Initializing ProtocolHandler ["http-nio-8080"]
2024-03-01 08:33:53.984 [restartedMain] INFO  org.apache.catalina.core.StandardService - Starting service [Tomcat]
2024-03-01 08:33:53.985 [restartedMain] INFO  org.apache.catalina.core.StandardEngine - Starting Servlet engine: [Apache Tomcat/9.0.41]
2024-03-01 08:33:53.988 [restartedMain] INFO  org.apache.catalina.core.AprLifecycleListener - Loaded Apache Tomcat Native library [1.2.26] using APR version [1.7.0].
2024-03-01 08:33:53.989 [restartedMain] INFO  org.apache.catalina.core.AprLifecycleListener - APR capabilities: IPv6 [true], sendfile [true], accept filters [false], random [true].
2024-03-01 08:33:53.989 [restartedMain] INFO  org.apache.catalina.core.AprLifecycleListener - APR/OpenSSL configuration: useAprConnector [false], useOpenSSL [true]
2024-03-01 08:33:54.007 [restartedMain] INFO  org.apache.catalina.core.AprLifecycleListener - OpenSSL successfully initialized [OpenSSL 1.1.1i  8 Dec 2020]
2024-03-01 08:33:54.086 [restartedMain] INFO  o.a.c.core.ContainerBase.[Tomcat].[localhost].[/] - Initializing Spring embedded WebApplicationContext
2024-03-01 08:33:54.087 [restartedMain] INFO  o.s.b.w.s.c.ServletWebServerApplicationContext - Root WebApplicationContext: initialization completed in 3035 ms
2024-03-01 08:33:54.567 [restartedMain] INFO  c.a.d.s.b.a.DruidDataSourceAutoConfigure - Init DruidDataSource
2024-03-01 08:33:55.050 [restartedMain] INFO  com.alibaba.druid.pool.DruidDataSource - {dataSource-1} inited
2024-03-01 08:33:56.340 [restartedMain] INFO  o.s.scheduling.concurrent.ThreadPoolTaskExecutor - Initializing ExecutorService 'applicationTaskExecutor'
2024-03-01 08:33:56.636 [restartedMain] INFO  o.s.b.d.autoconfigure.OptionalLiveReloadServer - LiveReload server is running on port 35729
2024-03-01 08:33:56.677 [restartedMain] INFO  org.apache.coyote.http11.Http11NioProtocol - Starting ProtocolHandler ["http-nio-8080"]
2024-03-01 08:33:56.704 [restartedMain] INFO  o.s.boot.web.embedded.tomcat.TomcatWebServer - Tomcat started on port(s): 8080 (http) with context path ''
2024-03-01 08:33:56.717 [restartedMain] INFO  com.project.lvshi.LvshiApplication - Started LvshiApplication in 7.072 seconds (JVM running for 10.214)
2024-03-01 08:35:42.187 [http-nio-8080-exec-1] INFO  o.a.c.core.ContainerBase.[Tomcat].[localhost].[/] - Initializing Spring DispatcherServlet 'dispatcherServlet'
2024-03-01 08:35:42.188 [http-nio-8080-exec-1] INFO  org.springframework.web.servlet.DispatcherServlet - Initializing Servlet 'dispatcherServlet'
2024-03-01 08:35:42.189 [http-nio-8080-exec-1] INFO  org.springframework.web.servlet.DispatcherServlet - Completed initialization in 1 ms
2024-03-01 09:07:35.341 [SpringContextShutdownHook] INFO  o.s.scheduling.concurrent.ThreadPoolTaskExecutor - Shutting down ExecutorService 'applicationTaskExecutor'
2024-03-01 09:07:35.343 [SpringContextShutdownHook] INFO  com.alibaba.druid.pool.DruidDataSource - {dataSource-1} closing ...
2024-03-01 09:07:35.346 [SpringContextShutdownHook] INFO  com.alibaba.druid.pool.DruidDataSource - {dataSource-1} closed
2024-03-01 09:07:51.595 [restartedMain] INFO  com.project.lvshi.LvshiApplication - Starting LvshiApplication using Java 1.8.0_201 on LAPTOP-LDHLJA8N with PID 19680 (D:\bishe\server\lvshi\target\classes started by AA in D:\bishe\server\lvshi)
2024-03-01 09:07:51.599 [restartedMain] INFO  com.project.lvshi.LvshiApplication - The following profiles are active: dev
2024-03-01 09:07:51.679 [restartedMain] INFO  o.s.b.d.env.DevToolsPropertyDefaultsPostProcessor - Devtools property defaults active! Set 'spring.devtools.add-properties' to 'false' to disable
2024-03-01 09:07:51.680 [restartedMain] INFO  o.s.b.d.env.DevToolsPropertyDefaultsPostProcessor - For additional web related logging consider setting the 'logging.level.web' property to 'DEBUG'
2024-03-01 09:07:52.971 [restartedMain] INFO  o.s.d.r.config.RepositoryConfigurationDelegate - Multiple Spring Data modules found, entering strict repository configuration mode!
2024-03-01 09:07:52.974 [restartedMain] INFO  o.s.d.r.config.RepositoryConfigurationDelegate - Bootstrapping Spring Data Redis repositories in DEFAULT mode.
2024-03-01 09:07:53.004 [restartedMain] INFO  o.s.d.r.config.RepositoryConfigurationDelegate - Finished Spring Data repository scanning in 16 ms. Found 0 Redis repository interfaces.
2024-03-01 09:07:53.706 [restartedMain] INFO  o.s.boot.web.embedded.tomcat.TomcatWebServer - Tomcat initialized with port(s): 8080 (http)
2024-03-01 09:07:53.718 [restartedMain] INFO  org.apache.coyote.http11.Http11NioProtocol - Initializing ProtocolHandler ["http-nio-8080"]
2024-03-01 09:07:53.719 [restartedMain] INFO  org.apache.catalina.core.StandardService - Starting service [Tomcat]
2024-03-01 09:07:53.720 [restartedMain] INFO  org.apache.catalina.core.StandardEngine - Starting Servlet engine: [Apache Tomcat/9.0.41]
2024-03-01 09:07:53.723 [restartedMain] INFO  org.apache.catalina.core.AprLifecycleListener - Loaded Apache Tomcat Native library [1.2.26] using APR version [1.7.0].
2024-03-01 09:07:53.724 [restartedMain] INFO  org.apache.catalina.core.AprLifecycleListener - APR capabilities: IPv6 [true], sendfile [true], accept filters [false], random [true].
2024-03-01 09:07:53.725 [restartedMain] INFO  org.apache.catalina.core.AprLifecycleListener - APR/OpenSSL configuration: useAprConnector [false], useOpenSSL [true]
2024-03-01 09:07:53.729 [restartedMain] INFO  org.apache.catalina.core.AprLifecycleListener - OpenSSL successfully initialized [OpenSSL 1.1.1i  8 Dec 2020]
2024-03-01 09:07:53.800 [restartedMain] INFO  o.a.c.core.ContainerBase.[Tomcat].[localhost].[/] - Initializing Spring embedded WebApplicationContext
2024-03-01 09:07:53.800 [restartedMain] INFO  o.s.b.w.s.c.ServletWebServerApplicationContext - Root WebApplicationContext: initialization completed in 2119 ms
2024-03-01 09:07:54.268 [restartedMain] INFO  c.a.d.s.b.a.DruidDataSourceAutoConfigure - Init DruidDataSource
2024-03-01 09:07:54.743 [restartedMain] INFO  com.alibaba.druid.pool.DruidDataSource - {dataSource-1} inited
2024-03-01 09:07:56.169 [restartedMain] INFO  o.s.scheduling.concurrent.ThreadPoolTaskExecutor - Initializing ExecutorService 'applicationTaskExecutor'
2024-03-01 09:07:56.491 [restartedMain] INFO  o.s.b.d.autoconfigure.OptionalLiveReloadServer - LiveReload server is running on port 35729
2024-03-01 09:07:56.555 [restartedMain] INFO  org.apache.coyote.http11.Http11NioProtocol - Starting ProtocolHandler ["http-nio-8080"]
2024-03-01 09:07:56.586 [restartedMain] INFO  o.s.boot.web.embedded.tomcat.TomcatWebServer - Tomcat started on port(s): 8080 (http) with context path ''
2024-03-01 09:07:56.600 [restartedMain] INFO  com.project.lvshi.LvshiApplication - Started LvshiApplication in 5.75 seconds (JVM running for 7.141)
2024-03-01 09:08:14.870 [http-nio-8080-exec-1] INFO  o.a.c.core.ContainerBase.[Tomcat].[localhost].[/] - Initializing Spring DispatcherServlet 'dispatcherServlet'
2024-03-01 09:08:14.871 [http-nio-8080-exec-1] INFO  org.springframework.web.servlet.DispatcherServlet - Initializing Servlet 'dispatcherServlet'
2024-03-01 09:08:14.872 [http-nio-8080-exec-1] INFO  org.springframework.web.servlet.DispatcherServlet - Completed initialization in 1 ms
2024-03-01 11:16:26.695 [SpringContextShutdownHook] INFO  o.s.scheduling.concurrent.ThreadPoolTaskExecutor - Shutting down ExecutorService 'applicationTaskExecutor'
2024-03-01 11:16:26.699 [SpringContextShutdownHook] INFO  com.alibaba.druid.pool.DruidDataSource - {dataSource-1} closing ...
2024-03-01 11:16:26.701 [SpringContextShutdownHook] INFO  com.alibaba.druid.pool.DruidDataSource - {dataSource-1} closed
2024-03-01 11:16:33.235 [restartedMain] INFO  com.project.lvshi.LvshiApplication - Starting LvshiApplication using Java 1.8.0_201 on LAPTOP-LDHLJA8N with PID 19440 (D:\bishe\server\lvshi\target\classes started by AA in D:\bishe\server\lvshi)
2024-03-01 11:16:33.237 [restartedMain] INFO  com.project.lvshi.LvshiApplication - The following profiles are active: dev
2024-03-01 11:16:33.293 [restartedMain] INFO  o.s.b.d.env.DevToolsPropertyDefaultsPostProcessor - Devtools property defaults active! Set 'spring.devtools.add-properties' to 'false' to disable
2024-03-01 11:16:33.293 [restartedMain] INFO  o.s.b.d.env.DevToolsPropertyDefaultsPostProcessor - For additional web related logging consider setting the 'logging.level.web' property to 'DEBUG'
2024-03-01 11:16:33.884 [restartedMain] INFO  o.s.d.r.config.RepositoryConfigurationDelegate - Multiple Spring Data modules found, entering strict repository configuration mode!
2024-03-01 11:16:33.886 [restartedMain] INFO  o.s.d.r.config.RepositoryConfigurationDelegate - Bootstrapping Spring Data Redis repositories in DEFAULT mode.
2024-03-01 11:16:33.909 [restartedMain] INFO  o.s.d.r.config.RepositoryConfigurationDelegate - Finished Spring Data repository scanning in 13 ms. Found 0 Redis repository interfaces.
2024-03-01 11:16:34.423 [restartedMain] INFO  o.s.boot.web.embedded.tomcat.TomcatWebServer - Tomcat initialized with port(s): 8080 (http)
2024-03-01 11:16:34.430 [restartedMain] INFO  org.apache.coyote.http11.Http11NioProtocol - Initializing ProtocolHandler ["http-nio-8080"]
2024-03-01 11:16:34.430 [restartedMain] INFO  org.apache.catalina.core.StandardService - Starting service [Tomcat]
2024-03-01 11:16:34.431 [restartedMain] INFO  org.apache.catalina.core.StandardEngine - Starting Servlet engine: [Apache Tomcat/9.0.41]
2024-03-01 11:16:34.433 [restartedMain] INFO  org.apache.catalina.core.AprLifecycleListener - Loaded Apache Tomcat Native library [1.2.26] using APR version [1.7.0].
2024-03-01 11:16:34.433 [restartedMain] INFO  org.apache.catalina.core.AprLifecycleListener - APR capabilities: IPv6 [true], sendfile [true], accept filters [false], random [true].
2024-03-01 11:16:34.433 [restartedMain] INFO  org.apache.catalina.core.AprLifecycleListener - APR/OpenSSL configuration: useAprConnector [false], useOpenSSL [true]
2024-03-01 11:16:34.436 [restartedMain] INFO  org.apache.catalina.core.AprLifecycleListener - OpenSSL successfully initialized [OpenSSL 1.1.1i  8 Dec 2020]
2024-03-01 11:16:34.493 [restartedMain] INFO  o.a.c.core.ContainerBase.[Tomcat].[localhost].[/] - Initializing Spring embedded WebApplicationContext
2024-03-01 11:16:34.493 [restartedMain] INFO  o.s.b.w.s.c.ServletWebServerApplicationContext - Root WebApplicationContext: initialization completed in 1199 ms
2024-03-01 11:16:34.804 [restartedMain] INFO  c.a.d.s.b.a.DruidDataSourceAutoConfigure - Init DruidDataSource
2024-03-01 11:16:35.105 [restartedMain] INFO  com.alibaba.druid.pool.DruidDataSource - {dataSource-1} inited
2024-03-01 11:16:36.022 [restartedMain] INFO  o.s.scheduling.concurrent.ThreadPoolTaskExecutor - Initializing ExecutorService 'applicationTaskExecutor'
2024-03-01 11:16:36.241 [restartedMain] INFO  o.s.b.d.autoconfigure.OptionalLiveReloadServer - LiveReload server is running on port 35729
2024-03-01 11:16:36.271 [restartedMain] INFO  org.apache.coyote.http11.Http11NioProtocol - Starting ProtocolHandler ["http-nio-8080"]
2024-03-01 11:16:36.292 [restartedMain] INFO  o.s.boot.web.embedded.tomcat.TomcatWebServer - Tomcat started on port(s): 8080 (http) with context path ''
2024-03-01 11:16:36.301 [restartedMain] INFO  com.project.lvshi.LvshiApplication - Started LvshiApplication in 3.548 seconds (JVM running for 4.299)
2024-03-01 11:18:54.513 [SpringContextShutdownHook] INFO  o.s.scheduling.concurrent.ThreadPoolTaskExecutor - Shutting down ExecutorService 'applicationTaskExecutor'
2024-03-01 11:18:54.514 [SpringContextShutdownHook] INFO  com.alibaba.druid.pool.DruidDataSource - {dataSource-1} closing ...
2024-03-01 11:18:54.519 [SpringContextShutdownHook] INFO  com.alibaba.druid.pool.DruidDataSource - {dataSource-1} closed
2024-03-01 11:18:58.046 [restartedMain] INFO  com.project.lvshi.LvshiApplication - Starting LvshiApplication using Java 1.8.0_201 on LAPTOP-LDHLJA8N with PID 7000 (D:\bishe\server\lvshi\target\classes started by AA in D:\bishe\server\lvshi)
2024-03-01 11:18:58.048 [restartedMain] INFO  com.project.lvshi.LvshiApplication - The following profiles are active: dev
2024-03-01 11:18:58.100 [restartedMain] INFO  o.s.b.d.env.DevToolsPropertyDefaultsPostProcessor - Devtools property defaults active! Set 'spring.devtools.add-properties' to 'false' to disable
2024-03-01 11:18:58.100 [restartedMain] INFO  o.s.b.d.env.DevToolsPropertyDefaultsPostProcessor - For additional web related logging consider setting the 'logging.level.web' property to 'DEBUG'
2024-03-01 11:18:58.659 [restartedMain] INFO  o.s.d.r.config.RepositoryConfigurationDelegate - Multiple Spring Data modules found, entering strict repository configuration mode!
2024-03-01 11:18:58.661 [restartedMain] INFO  o.s.d.r.config.RepositoryConfigurationDelegate - Bootstrapping Spring Data Redis repositories in DEFAULT mode.
2024-03-01 11:18:58.684 [restartedMain] INFO  o.s.d.r.config.RepositoryConfigurationDelegate - Finished Spring Data repository scanning in 13 ms. Found 0 Redis repository interfaces.
2024-03-01 11:18:59.154 [restartedMain] INFO  o.s.boot.web.embedded.tomcat.TomcatWebServer - Tomcat initialized with port(s): 8080 (http)
2024-03-01 11:18:59.162 [restartedMain] INFO  org.apache.coyote.http11.Http11NioProtocol - Initializing ProtocolHandler ["http-nio-8080"]
2024-03-01 11:18:59.162 [restartedMain] INFO  org.apache.catalina.core.StandardService - Starting service [Tomcat]
2024-03-01 11:18:59.162 [restartedMain] INFO  org.apache.catalina.core.StandardEngine - Starting Servlet engine: [Apache Tomcat/9.0.41]
2024-03-01 11:18:59.164 [restartedMain] INFO  org.apache.catalina.core.AprLifecycleListener - Loaded Apache Tomcat Native library [1.2.26] using APR version [1.7.0].
2024-03-01 11:18:59.164 [restartedMain] INFO  org.apache.catalina.core.AprLifecycleListener - APR capabilities: IPv6 [true], sendfile [true], accept filters [false], random [true].
2024-03-01 11:18:59.165 [restartedMain] INFO  org.apache.catalina.core.AprLifecycleListener - APR/OpenSSL configuration: useAprConnector [false], useOpenSSL [true]
2024-03-01 11:18:59.167 [restartedMain] INFO  org.apache.catalina.core.AprLifecycleListener - OpenSSL successfully initialized [OpenSSL 1.1.1i  8 Dec 2020]
2024-03-01 11:18:59.224 [restartedMain] INFO  o.a.c.core.ContainerBase.[Tomcat].[localhost].[/] - Initializing Spring embedded WebApplicationContext
2024-03-01 11:18:59.225 [restartedMain] INFO  o.s.b.w.s.c.ServletWebServerApplicationContext - Root WebApplicationContext: initialization completed in 1124 ms
2024-03-01 11:18:59.547 [restartedMain] INFO  c.a.d.s.b.a.DruidDataSourceAutoConfigure - Init DruidDataSource
2024-03-01 11:18:59.849 [restartedMain] INFO  com.alibaba.druid.pool.DruidDataSource - {dataSource-1} inited
2024-03-01 11:19:00.784 [restartedMain] INFO  o.s.scheduling.concurrent.ThreadPoolTaskExecutor - Initializing ExecutorService 'applicationTaskExecutor'
2024-03-01 11:19:01.000 [restartedMain] INFO  o.s.b.d.autoconfigure.OptionalLiveReloadServer - LiveReload server is running on port 35729
2024-03-01 11:19:01.033 [restartedMain] INFO  org.apache.coyote.http11.Http11NioProtocol - Starting ProtocolHandler ["http-nio-8080"]
2024-03-01 11:19:01.066 [restartedMain] INFO  o.s.boot.web.embedded.tomcat.TomcatWebServer - Tomcat started on port(s): 8080 (http) with context path ''
2024-03-01 11:19:01.075 [restartedMain] INFO  com.project.lvshi.LvshiApplication - Started LvshiApplication in 3.658 seconds (JVM running for 5.544)
2024-03-01 11:19:35.426 [http-nio-8080-exec-2] INFO  o.a.c.core.ContainerBase.[Tomcat].[localhost].[/] - Initializing Spring DispatcherServlet 'dispatcherServlet'
2024-03-01 11:19:35.426 [http-nio-8080-exec-2] INFO  org.springframework.web.servlet.DispatcherServlet - Initializing Servlet 'dispatcherServlet'
2024-03-01 11:19:35.427 [http-nio-8080-exec-2] INFO  org.springframework.web.servlet.DispatcherServlet - Completed initialization in 1 ms
2024-03-01 14:28:56.864 [http-nio-8080-exec-65] INFO  com.project.lvshi.handle.MyMetaObjectHandler - 公共字段自动填充[insert]...
2024-03-01 14:29:48.918 [http-nio-8080-exec-1] INFO  com.project.lvshi.handle.MyMetaObjectHandler - 公共字段自动填充[update]...
2024-03-01 14:31:29.292 [http-nio-8080-exec-29] INFO  com.project.lvshi.handle.MyMetaObjectHandler - 公共字段自动填充[update]...
2024-03-01 14:37:27.895 [http-nio-8080-exec-67] INFO  com.project.lvshi.handle.MyMetaObjectHandler - 公共字段自动填充[update]...
2024-03-01 14:39:50.498 [http-nio-8080-exec-91] INFO  com.project.lvshi.handle.MyMetaObjectHandler - 公共字段自动填充[insert]...
2024-03-01 14:44:16.398 [http-nio-8080-exec-38] INFO  com.project.lvshi.handle.MyMetaObjectHandler - 公共字段自动填充[update]...
2024-03-01 14:44:18.158 [http-nio-8080-exec-40] INFO  com.project.lvshi.handle.MyMetaObjectHandler - 公共字段自动填充[update]...
2024-03-01 14:44:58.094 [http-nio-8080-exec-64] INFO  com.project.lvshi.handle.MyMetaObjectHandler - 公共字段自动填充[update]...
2024-03-01 14:47:43.118 [http-nio-8080-exec-96] INFO  com.project.lvshi.handle.MyMetaObjectHandler - 公共字段自动填充[insert]...
2024-03-01 14:49:16.052 [http-nio-8080-exec-93] INFO  com.project.lvshi.handle.MyMetaObjectHandler - 公共字段自动填充[insert]...
2024-03-01 14:51:01.186 [http-nio-8080-exec-3] INFO  com.project.lvshi.handle.MyMetaObjectHandler - 公共字段自动填充[insert]...
2024-03-01 14:52:40.157 [http-nio-8080-exec-8] INFO  com.project.lvshi.handle.MyMetaObjectHandler - 公共字段自动填充[insert]...
2024-03-01 14:53:50.749 [http-nio-8080-exec-7] INFO  com.project.lvshi.handle.MyMetaObjectHandler - 公共字段自动填充[insert]...
2024-03-01 14:55:24.301 [http-nio-8080-exec-12] INFO  com.project.lvshi.handle.MyMetaObjectHandler - 公共字段自动填充[update]...
2024-03-01 14:55:29.860 [http-nio-8080-exec-18] INFO  com.project.lvshi.handle.MyMetaObjectHandler - 公共字段自动填充[update]...
2024-03-01 14:57:13.284 [http-nio-8080-exec-23] INFO  com.project.lvshi.handle.MyMetaObjectHandler - 公共字段自动填充[insert]...
2024-03-01 14:58:36.823 [http-nio-8080-exec-22] INFO  com.project.lvshi.handle.MyMetaObjectHandler - 公共字段自动填充[insert]...
2024-03-01 14:59:41.466 [http-nio-8080-exec-31] INFO  com.project.lvshi.handle.MyMetaObjectHandler - 公共字段自动填充[insert]...
2024-03-01 15:00:31.322 [http-nio-8080-exec-29] INFO  com.project.lvshi.handle.MyMetaObjectHandler - 公共字段自动填充[insert]...
2024-03-01 15:01:50.219 [http-nio-8080-exec-58] INFO  com.project.lvshi.handle.MyMetaObjectHandler - 公共字段自动填充[update]...
2024-03-01 15:02:47.498 [http-nio-8080-exec-95] INFO  com.project.lvshi.handle.MyMetaObjectHandler - 公共字段自动填充[update]...
2024-03-01 15:03:11.122 [http-nio-8080-exec-14] INFO  com.project.lvshi.handle.MyMetaObjectHandler - 公共字段自动填充[update]...
2024-03-01 15:03:31.825 [http-nio-8080-exec-43] INFO  com.project.lvshi.handle.MyMetaObjectHandler - 公共字段自动填充[update]...
2024-03-01 15:03:53.753 [http-nio-8080-exec-64] INFO  com.project.lvshi.handle.MyMetaObjectHandler - 公共字段自动填充[update]...
2024-03-01 15:04:11.385 [http-nio-8080-exec-84] INFO  com.project.lvshi.handle.MyMetaObjectHandler - 公共字段自动填充[update]...
2024-03-01 15:04:29.371 [http-nio-8080-exec-10] INFO  com.project.lvshi.handle.MyMetaObjectHandler - 公共字段自动填充[update]...
2024-03-01 15:04:47.203 [http-nio-8080-exec-34] INFO  com.project.lvshi.handle.MyMetaObjectHandler - 公共字段自动填充[update]...
2024-03-01 15:05:17.202 [http-nio-8080-exec-87] INFO  com.project.lvshi.handle.MyMetaObjectHandler - 公共字段自动填充[update]...
2024-03-01 15:11:04.840 [http-nio-8080-exec-70] INFO  com.project.lvshi.handle.MyMetaObjectHandler - 公共字段自动填充[insert]...
2024-03-01 15:11:42.128 [http-nio-8080-exec-82] INFO  com.project.lvshi.handle.MyMetaObjectHandler - 公共字段自动填充[insert]...
2024-03-01 15:12:17.510 [http-nio-8080-exec-85] INFO  com.project.lvshi.handle.MyMetaObjectHandler - 公共字段自动填充[insert]...
2024-03-01 15:12:51.928 [http-nio-8080-exec-81] INFO  com.project.lvshi.handle.MyMetaObjectHandler - 公共字段自动填充[insert]...
2024-03-01 15:13:19.846 [http-nio-8080-exec-86] INFO  com.project.lvshi.handle.MyMetaObjectHandler - 公共字段自动填充[insert]...
2024-03-01 15:13:46.023 [http-nio-8080-exec-92] INFO  com.project.lvshi.handle.MyMetaObjectHandler - 公共字段自动填充[insert]...
2024-03-01 15:14:10.286 [http-nio-8080-exec-88] INFO  com.project.lvshi.handle.MyMetaObjectHandler - 公共字段自动填充[insert]...
2024-03-01 15:14:32.758 [http-nio-8080-exec-99] INFO  com.project.lvshi.handle.MyMetaObjectHandler - 公共字段自动填充[insert]...
2024-03-01 15:14:55.510 [http-nio-8080-exec-97] INFO  com.project.lvshi.handle.MyMetaObjectHandler - 公共字段自动填充[insert]...
2024-03-01 15:15:20.257 [http-nio-8080-exec-2] INFO  com.project.lvshi.handle.MyMetaObjectHandler - 公共字段自动填充[insert]...
2024-03-01 15:15:52.496 [http-nio-8080-exec-1] INFO  com.project.lvshi.handle.MyMetaObjectHandler - 公共字段自动填充[insert]...
2024-03-01 15:20:13.994 [http-nio-8080-exec-48] INFO  com.project.lvshi.handle.MyMetaObjectHandler - 公共字段自动填充[insert]...
2024-03-01 15:20:13.998 [http-nio-8080-exec-48] INFO  com.project.lvshi.handle.MyMetaObjectHandler - 公共字段自动填充[insert]...
2024-03-01 15:20:41.807 [http-nio-8080-exec-79] INFO  com.project.lvshi.handle.MyMetaObjectHandler - 公共字段自动填充[insert]...
2024-03-01 15:21:09.701 [http-nio-8080-exec-93] INFO  com.project.lvshi.handle.MyMetaObjectHandler - 公共字段自动填充[insert]...
2024-03-01 15:21:31.862 [http-nio-8080-exec-20] INFO  com.project.lvshi.handle.MyMetaObjectHandler - 公共字段自动填充[insert]...
2024-03-01 15:28:02.234 [http-nio-8080-exec-11] INFO  com.project.lvshi.handle.MyMetaObjectHandler - 公共字段自动填充[insert]...
2024-03-01 15:28:11.054 [http-nio-8080-exec-1] INFO  com.project.lvshi.handle.MyMetaObjectHandler - 公共字段自动填充[insert]...
2024-03-01 15:28:21.016 [http-nio-8080-exec-99] INFO  com.project.lvshi.handle.MyMetaObjectHandler - 公共字段自动填充[update]...
2024-03-01 15:28:21.189 [http-nio-8080-exec-46] INFO  com.project.lvshi.handle.MyMetaObjectHandler - 公共字段自动填充[update]...
2024-03-01 15:30:11.335 [http-nio-8080-exec-24] INFO  com.project.lvshi.handle.MyMetaObjectHandler - 公共字段自动填充[insert]...
2024-03-01 15:30:11.338 [http-nio-8080-exec-24] INFO  com.project.lvshi.handle.MyMetaObjectHandler - 公共字段自动填充[insert]...
2024-03-01 15:30:32.017 [http-nio-8080-exec-88] INFO  com.project.lvshi.handle.MyMetaObjectHandler - 公共字段自动填充[insert]...
2024-03-01 15:30:48.119 [http-nio-8080-exec-42] INFO  com.project.lvshi.handle.MyMetaObjectHandler - 公共字段自动填充[insert]...
2024-03-01 15:31:26.295 [http-nio-8080-exec-58] INFO  com.project.lvshi.handle.MyMetaObjectHandler - 公共字段自动填充[insert]...
2024-03-01 15:33:01.660 [http-nio-8080-exec-34] INFO  com.project.lvshi.handle.MyMetaObjectHandler - 公共字段自动填充[insert]...
2024-03-01 15:33:12.212 [http-nio-8080-exec-71] INFO  com.project.lvshi.handle.MyMetaObjectHandler - 公共字段自动填充[update]...
2024-03-01 15:33:12.222 [http-nio-8080-exec-24] INFO  com.project.lvshi.handle.MyMetaObjectHandler - 公共字段自动填充[update]...
2024-03-01 15:35:15.816 [SpringContextShutdownHook] INFO  o.s.scheduling.concurrent.ThreadPoolTaskExecutor - Shutting down ExecutorService 'applicationTaskExecutor'
2024-03-01 15:35:15.818 [SpringContextShutdownHook] INFO  com.alibaba.druid.pool.DruidDataSource - {dataSource-1} closing ...
2024-03-01 15:35:15.825 [SpringContextShutdownHook] INFO  com.alibaba.druid.pool.DruidDataSource - {dataSource-1} closed
2024-03-01 15:35:25.248 [restartedMain] INFO  com.project.lvshi.LvshiApplication - Starting LvshiApplication using Java 1.8.0_201 on LAPTOP-LDHLJA8N with PID 20504 (D:\bishe\server\lvshi\target\classes started by AA in D:\bishe\server\lvshi)
2024-03-01 15:35:25.251 [restartedMain] INFO  com.project.lvshi.LvshiApplication - The following profiles are active: dev
2024-03-01 15:35:25.308 [restartedMain] INFO  o.s.b.d.env.DevToolsPropertyDefaultsPostProcessor - Devtools property defaults active! Set 'spring.devtools.add-properties' to 'false' to disable
2024-03-01 15:35:25.308 [restartedMain] INFO  o.s.b.d.env.DevToolsPropertyDefaultsPostProcessor - For additional web related logging consider setting the 'logging.level.web' property to 'DEBUG'
2024-03-01 15:35:25.875 [restartedMain] INFO  o.s.d.r.config.RepositoryConfigurationDelegate - Multiple Spring Data modules found, entering strict repository configuration mode!
2024-03-01 15:35:25.877 [restartedMain] INFO  o.s.d.r.config.RepositoryConfigurationDelegate - Bootstrapping Spring Data Redis repositories in DEFAULT mode.
2024-03-01 15:35:25.901 [restartedMain] INFO  o.s.d.r.config.RepositoryConfigurationDelegate - Finished Spring Data repository scanning in 13 ms. Found 0 Redis repository interfaces.
2024-03-01 15:35:26.451 [restartedMain] INFO  o.s.boot.web.embedded.tomcat.TomcatWebServer - Tomcat initialized with port(s): 8080 (http)
2024-03-01 15:35:26.460 [restartedMain] INFO  org.apache.coyote.http11.Http11NioProtocol - Initializing ProtocolHandler ["http-nio-8080"]
2024-03-01 15:35:26.460 [restartedMain] INFO  org.apache.catalina.core.StandardService - Starting service [Tomcat]
2024-03-01 15:35:26.460 [restartedMain] INFO  org.apache.catalina.core.StandardEngine - Starting Servlet engine: [Apache Tomcat/9.0.41]
2024-03-01 15:35:26.463 [restartedMain] INFO  org.apache.catalina.core.AprLifecycleListener - Loaded Apache Tomcat Native library [1.2.26] using APR version [1.7.0].
2024-03-01 15:35:26.463 [restartedMain] INFO  org.apache.catalina.core.AprLifecycleListener - APR capabilities: IPv6 [true], sendfile [true], accept filters [false], random [true].
2024-03-01 15:35:26.463 [restartedMain] INFO  org.apache.catalina.core.AprLifecycleListener - APR/OpenSSL configuration: useAprConnector [false], useOpenSSL [true]
2024-03-01 15:35:26.467 [restartedMain] INFO  org.apache.catalina.core.AprLifecycleListener - OpenSSL successfully initialized [OpenSSL 1.1.1i  8 Dec 2020]
2024-03-01 15:35:26.531 [restartedMain] INFO  o.a.c.core.ContainerBase.[Tomcat].[localhost].[/] - Initializing Spring embedded WebApplicationContext
2024-03-01 15:35:26.532 [restartedMain] INFO  o.s.b.w.s.c.ServletWebServerApplicationContext - Root WebApplicationContext: initialization completed in 1223 ms
2024-03-01 15:35:26.853 [restartedMain] INFO  c.a.d.s.b.a.DruidDataSourceAutoConfigure - Init DruidDataSource
2024-03-01 15:35:27.187 [restartedMain] INFO  com.alibaba.druid.pool.DruidDataSource - {dataSource-1} inited
2024-03-01 15:35:28.120 [restartedMain] INFO  o.s.scheduling.concurrent.ThreadPoolTaskExecutor - Initializing ExecutorService 'applicationTaskExecutor'
2024-03-01 15:35:28.341 [restartedMain] INFO  o.s.b.d.autoconfigure.OptionalLiveReloadServer - LiveReload server is running on port 35729
2024-03-01 15:35:28.370 [restartedMain] INFO  org.apache.coyote.http11.Http11NioProtocol - Starting ProtocolHandler ["http-nio-8080"]
2024-03-01 15:35:28.392 [restartedMain] INFO  o.s.boot.web.embedded.tomcat.TomcatWebServer - Tomcat started on port(s): 8080 (http) with context path ''
2024-03-01 15:35:28.401 [restartedMain] INFO  com.project.lvshi.LvshiApplication - Started LvshiApplication in 3.723 seconds (JVM running for 4.599)
2024-03-01 15:35:52.169 [http-nio-8080-exec-1] INFO  o.a.c.core.ContainerBase.[Tomcat].[localhost].[/] - Initializing Spring DispatcherServlet 'dispatcherServlet'
2024-03-01 15:35:52.169 [http-nio-8080-exec-1] INFO  org.springframework.web.servlet.DispatcherServlet - Initializing Servlet 'dispatcherServlet'
2024-03-01 15:35:52.170 [http-nio-8080-exec-1] INFO  org.springframework.web.servlet.DispatcherServlet - Completed initialization in 1 ms
2024-03-01 15:36:11.317 [http-nio-8080-exec-18] INFO  com.project.lvshi.handle.MyMetaObjectHandler - 公共字段自动填充[insert]...
2024-03-01 15:36:28.879 [http-nio-8080-exec-26] INFO  com.project.lvshi.handle.MyMetaObjectHandler - 公共字段自动填充[insert]...
2024-03-01 15:37:07.114 [http-nio-8080-exec-46] INFO  com.project.lvshi.handle.MyMetaObjectHandler - 公共字段自动填充[insert]...
2024-03-01 15:37:07.123 [http-nio-8080-exec-46] INFO  com.project.lvshi.handle.MyMetaObjectHandler - 公共字段自动填充[update]...
2024-03-01 15:51:58.618 [http-nio-8080-exec-86] INFO  com.project.lvshi.handle.MyMetaObjectHandler - 公共字段自动填充[insert]...
2024-03-01 15:53:25.386 [http-nio-8080-exec-70] INFO  com.project.lvshi.handle.MyMetaObjectHandler - 公共字段自动填充[insert]...
2024-03-01 15:53:25.390 [http-nio-8080-exec-70] INFO  com.project.lvshi.handle.MyMetaObjectHandler - 公共字段自动填充[insert]...
2024-03-01 15:53:50.884 [http-nio-8080-exec-12] INFO  com.project.lvshi.handle.MyMetaObjectHandler - 公共字段自动填充[insert]...
2024-03-01 15:54:06.126 [http-nio-8080-exec-44] INFO  com.project.lvshi.handle.MyMetaObjectHandler - 公共字段自动填充[insert]...
2024-03-01 15:54:16.686 [http-nio-8080-exec-70] INFO  com.project.lvshi.handle.MyMetaObjectHandler - 公共字段自动填充[insert]...
2024-03-01 15:54:26.925 [http-nio-8080-exec-92] INFO  com.project.lvshi.handle.MyMetaObjectHandler - 公共字段自动填充[insert]...
2024-03-01 15:54:36.519 [http-nio-8080-exec-15] INFO  com.project.lvshi.handle.MyMetaObjectHandler - 公共字段自动填充[insert]...
2024-03-01 15:54:52.215 [http-nio-8080-exec-48] INFO  com.project.lvshi.handle.MyMetaObjectHandler - 公共字段自动填充[update]...
2024-03-01 15:54:52.229 [http-nio-8080-exec-55] INFO  com.project.lvshi.handle.MyMetaObjectHandler - 公共字段自动填充[update]...
2024-03-01 15:55:20.275 [http-nio-8080-exec-69] INFO  com.project.lvshi.handle.MyMetaObjectHandler - 公共字段自动填充[insert]...
2024-03-01 15:55:20.278 [http-nio-8080-exec-69] INFO  com.project.lvshi.handle.MyMetaObjectHandler - 公共字段自动填充[update]...
2024-03-01 16:32:29.838 [SpringContextShutdownHook] INFO  o.s.scheduling.concurrent.ThreadPoolTaskExecutor - Shutting down ExecutorService 'applicationTaskExecutor'
2024-03-01 16:32:29.840 [SpringContextShutdownHook] INFO  com.alibaba.druid.pool.DruidDataSource - {dataSource-1} closing ...
2024-03-01 16:32:29.841 [SpringContextShutdownHook] INFO  com.alibaba.druid.pool.DruidDataSource - {dataSource-1} closed
